dpkg: warning: parsing file '/var/lib/dpkg/status' near line 5 package 'dpkg':
 missing description
dpkg: warning: parsing file '/var/lib/dpkg/status' near line 5 package 'dpkg':
 missing architecture
Selecting previously unselected package base-passwd.
(Reading database ... 0 files and directories currently installed.)
Preparing to unpack .../base-passwd_3.5.37_i386.deb ...
Unpacking base-passwd (3.5.37) ...
dpkg: base-passwd: dependency problems, but configuring anyway as you requested:
 base-passwd depends on libc6 (>= 2.8); however:
  Package libc6 is not installed.
 base-passwd depends on libdebconfclient0 (>= 0.145); however:
  Package libdebconfclient0 is not installed.

Setting up base-passwd (3.5.37) ...
dpkg: warning: parsing file '/var/lib/dpkg/status' near line 24 package 'dpkg':
 missing description
dpkg: warning: parsing file '/var/lib/dpkg/status' near line 24 package 'dpkg':
 missing architecture
Selecting previously unselected package base-files.
dpkg: regarding .../base-files_8+deb8u11_i386.deb containing base-files, pre-dependency problem:
 base-files pre-depends on awk
  awk is not installed.

dpkg: warning: ignoring pre-dependency problem!
(Reading database ... 41 files and directories currently installed.)
Preparing to unpack .../base-files_8+deb8u11_i386.deb ...
Unpacking base-files (8+deb8u11) ...
dpkg: base-files: dependency problems, but configuring anyway as you requested:
 base-files depends on awk; however:
  Package awk is not installed.

Setting up base-files (8+deb8u11) ...
dpkg: warning: parsing file '/var/lib/dpkg/status' near line 50 package 'dpkg':
 missing description
dpkg: warning: parsing file '/var/lib/dpkg/status' near line 50 package 'dpkg':
 missing architecture
dpkg: regarding .../archives/dpkg_1.17.27_i386.deb containing dpkg, pre-dependency problem:
 dpkg pre-depends on libbz2-1.0
  libbz2-1.0 is not installed.

dpkg: warning: ignoring pre-dependency problem!
dpkg: regarding .../archives/dpkg_1.17.27_i386.deb containing dpkg, pre-dependency problem:
 dpkg pre-depends on libc6 (>= 2.11)
  libc6 is not installed.

dpkg: warning: ignoring pre-dependency problem!
dpkg: regarding .../archives/dpkg_1.17.27_i386.deb containing dpkg, pre-dependency problem:
 dpkg pre-depends on liblzma5 (>= 5.1.1alpha+20120614)
  liblzma5 is not installed.

dpkg: warning: ignoring pre-dependency problem!
dpkg: regarding .../archives/dpkg_1.17.27_i386.deb containing dpkg, pre-dependency problem:
 dpkg pre-depends on libselinux1 (>= 2.3)
  libselinux1 is not installed.

dpkg: warning: ignoring pre-dependency problem!
dpkg: regarding .../archives/dpkg_1.17.27_i386.deb containing dpkg, pre-dependency problem:
 dpkg pre-depends on zlib1g (>= 1:1.1.4)
  zlib1g is not installed.

dpkg: warning: ignoring pre-dependency problem!
dpkg: regarding .../archives/dpkg_1.17.27_i386.deb containing dpkg, pre-dependency problem:
 dpkg pre-depends on tar (>= 1.23)
  tar is not installed.

dpkg: warning: ignoring pre-dependency problem!
(Reading database ... 117 files and directories currently installed.)
Preparing to unpack .../archives/dpkg_1.17.27_i386.deb ...
Unpacking dpkg (1.17.27) over (1.17.27) ...
dpkg: dpkg: dependency problems, but configuring anyway as you requested:
 dpkg depends on libbz2-1.0; however:
  Package libbz2-1.0 is not installed.
 dpkg depends on libc6 (>= 2.11); however:
  Package libc6 is not installed.
 dpkg depends on liblzma5 (>= 5.1.1alpha+20120614); however:
  Package liblzma5 is not installed.
 dpkg depends on libselinux1 (>= 2.3); however:
  Package libselinux1 is not installed.
 dpkg depends on zlib1g (>= 1:1.1.4); however:
  Package zlib1g is not installed.
 dpkg depends on tar (>= 1.23); however:
  Package tar is not installed.

Setting up dpkg (1.17.27) ...
Selecting previously unselected package libc6:i386.
(Reading database ... 380 files and directories currently installed.)
Preparing to unpack .../libc6_2.19-18+deb8u10_i386.deb ...
Unpacking libc6:i386 (2.19-18+deb8u10) ...
dpkg: libc6:i386: dependency problems, but configuring anyway as you requested:
 libc6:i386 depends on libgcc1; however:
  Package libgcc1 is not installed.

Setting up libc6:i386 (2.19-18+deb8u10) ...
Selecting previously unselected package perl-base.
(Reading database ... 696 files and directories currently installed.)
Preparing to unpack .../perl-base_5.20.2-3+deb8u11_i386.deb ...
Unpacking perl-base (5.20.2-3+deb8u11) ...
Setting up perl-base (5.20.2-3+deb8u11) ...
Selecting previously unselected package mawk.
(Reading database ... 1269 files and directories currently installed.)
Preparing to unpack .../mawk_1.3.3-17_i386.deb ...
Unpacking mawk (1.3.3-17) ...
Setting up mawk (1.3.3-17) ...
Selecting previously unselected package debconf.
(Reading database ... 1288 files and directories currently installed.)
Preparing to unpack .../debconf_1.5.56+deb8u1_all.deb ...
Unpacking debconf (1.5.56+deb8u1) ...
Setting up debconf (1.5.56+deb8u1) ...
Selecting previously unselected package libtext-iconv-perl.
(Reading database ... 1466 files and directories currently installed.)
Preparing to unpack .../libtext-iconv-perl_1.7-5+b2_i386.deb ...
Unpacking libtext-iconv-perl (1.7-5+b2) ...
Selecting previously unselected package libdevmapper1.02.1:i386.
dpkg: regarding .../libdevmapper1.02.1_2%3a1.02.90-2.2+deb8u1_i386.deb containing libdevmapper1.02.1:i386, pre-dependency problem:
 libdevmapper1.02.1 pre-depends on multiarch-support
  multiarch-support is not installed.

dpkg: warning: ignoring pre-dependency problem!
Preparing to unpack .../libdevmapper1.02.1_2%3a1.02.90-2.2+deb8u1_i386.deb ...
Unpacking libdevmapper1.02.1:i386 (2:1.02.90-2.2+deb8u1) ...
Selecting previously unselected package login.
dpkg: regarding .../login_1%3a4.2-3+deb8u4_i386.deb containing login, pre-dependency problem:
 login pre-depends on libaudit1 (>= 1:2.2.1)
  libaudit1 is not installed.

dpkg: warning: ignoring pre-dependency problem!
dpkg: regarding .../login_1%3a4.2-3+deb8u4_i386.deb containing login, pre-dependency problem:
 login pre-depends on libpam0g (>= 0.99.7.1)
  libpam0g is not installed.

dpkg: warning: ignoring pre-dependency problem!
dpkg: regarding .../login_1%3a4.2-3+deb8u4_i386.deb containing login, pre-dependency problem:
 login pre-depends on libpam-runtime
  libpam-runtime is not installed.

dpkg: warning: ignoring pre-dependency problem!
dpkg: regarding .../login_1%3a4.2-3+deb8u4_i386.deb containing login, pre-dependency problem:
 login pre-depends on libpam-modules (>= 1.1.8-1)
  libpam-modules is not installed.

dpkg: warning: ignoring pre-dependency problem!
Preparing to unpack .../login_1%3a4.2-3+deb8u4_i386.deb ...
Unpacking login (1:4.2-3+deb8u4) ...
Selecting previously unselected package systemd-sysv.
dpkg: regarding .../systemd-sysv_215-17+deb8u7_i386.deb containing systemd-sysv, pre-dependency problem:
 systemd-sysv pre-depends on systemd
  systemd is not installed.

dpkg: warning: ignoring pre-dependency problem!
Preparing to unpack .../systemd-sysv_215-17+deb8u7_i386.deb ...
Unpacking systemd-sysv (215-17+deb8u7) ...
Preparing to unpack .../debconf_1.5.56+deb8u1_all.deb ...
Unpacking debconf (1.5.56+deb8u1) over (1.5.56+deb8u1) ...
Selecting previously unselected package acl.
Preparing to unpack .../archives/acl_2.2.52-2_i386.deb ...
Unpacking acl (2.2.52-2) ...
Selecting previously unselected package libcryptsetup4:i386.
Preparing to unpack .../libcryptsetup4_2%3a1.6.6-5_i386.deb ...
Unpacking libcryptsetup4:i386 (2:1.6.6-5) ...
Selecting previously unselected package hostname.
Preparing to unpack .../hostname_3.15_i386.deb ...
Unpacking hostname (3.15) ...
Selecting previously unselected package libgcrypt20:i386.
dpkg: regarding .../libgcrypt20_1.6.3-2+deb8u4_i386.deb containing libgcrypt20:i386, pre-dependency problem:
 libgcrypt20 pre-depends on multiarch-support
  multiarch-support is not installed.

dpkg: warning: ignoring pre-dependency problem!
Preparing to unpack .../libgcrypt20_1.6.3-2+deb8u4_i386.deb ...
Unpacking libgcrypt20:i386 (1.6.3-2+deb8u4) ...
Selecting previously unselected package libgcc1:i386.
dpkg: regarding .../libgcc1_1%3a4.9.2-10+deb8u1_i386.deb containing libgcc1:i386, pre-dependency problem:
 libgcc1 pre-depends on multiarch-support
  multiarch-support is not installed.

dpkg: warning: ignoring pre-dependency problem!
Preparing to unpack .../libgcc1_1%3a4.9.2-10+deb8u1_i386.deb ...
Unpacking libgcc1:i386 (1:4.9.2-10+deb8u1) ...
Selecting previously unselected package libgpg-error0:i386.
dpkg: regarding .../libgpg-error0_1.17-3_i386.deb containing libgpg-error0:i386, pre-dependency problem:
 libgpg-error0 pre-depends on multiarch-support
  multiarch-support is not installed.

dpkg: warning: ignoring pre-dependency problem!
Preparing to unpack .../libgpg-error0_1.17-3_i386.deb ...
Unpacking libgpg-error0:i386 (1.17-3) ...
Selecting previously unselected package libncursesw5:i386.
dpkg: regarding .../libncursesw5_5.9+20140913-1+deb8u3_i386.deb containing libncursesw5:i386, pre-dependency problem:
 libncursesw5 pre-depends on multiarch-support
  multiarch-support is not installed.

dpkg: warning: ignoring pre-dependency problem!
Preparing to unpack .../libncursesw5_5.9+20140913-1+deb8u3_i386.deb ...
Unpacking libncursesw5:i386 (5.9+20140913-1+deb8u3) ...
Selecting previously unselected package mount.
dpkg: regarding .../mount_2.25.2-6_i386.deb containing mount, pre-dependency problem:
 mount pre-depends on libmount1 (>= 2.25)
  libmount1 is not installed.

dpkg: warning: ignoring pre-dependency problem!
dpkg: regarding .../mount_2.25.2-6_i386.deb containing mount, pre-dependency problem:
 mount pre-depends on libselinux1 (>= 2.0.15)
  libselinux1 is not installed.

dpkg: warning: ignoring pre-dependency problem!
dpkg: regarding .../mount_2.25.2-6_i386.deb containing mount, pre-dependency problem:
 mount pre-depends on libsmartcols1 (>= 2.25)
  libsmartcols1 is not installed.

dpkg: warning: ignoring pre-dependency problem!
Preparing to unpack .../mount_2.25.2-6_i386.deb ...
Unpacking mount (2.25.2-6) ...
Selecting previously unselected package libpam-modules-bin.
Preparing to unpack .../libpam-modules-bin_1.1.8-3.1+deb8u2+b1_i386.deb ...
Unpacking libpam-modules-bin (1.1.8-3.1+deb8u2+b1) ...
Selecting previously unselected package libtext-charwidth-perl.
Preparing to unpack .../libtext-charwidth-perl_0.04-7+b3_i386.deb ...
Unpacking libtext-charwidth-perl (0.04-7+b3) ...
Selecting previously unselected package debianutils.
Preparing to unpack .../debianutils_4.4+b1_i386.deb ...
Unpacking debianutils (4.4+b1) ...
Selecting previously unselected package gcc-4.8-base:i386.
Preparing to unpack .../gcc-4.8-base_4.8.4-1_i386.deb ...
Unpacking gcc-4.8-base:i386 (4.8.4-1) ...
Selecting previously unselected package libattr1:i386.
dpkg: regarding .../libattr1_1%3a2.4.47-2_i386.deb containing libattr1:i386, pre-dependency problem:
 libattr1 pre-depends on multiarch-support
  multiarch-support is not installed.

dpkg: warning: ignoring pre-dependency problem!
Preparing to unpack .../libattr1_1%3a2.4.47-2_i386.deb ...
Unpacking libattr1:i386 (1:2.4.47-2) ...
Selecting previously unselected package udev.
Preparing to unpack .../udev_215-17+deb8u7_i386.deb ...
Unpacking udev (215-17+deb8u7) ...
Selecting previously unselected package liblzma5:i386.
dpkg: regarding .../liblzma5_5.1.1alpha+20120614-2+b3_i386.deb containing liblzma5:i386, pre-dependency problem:
 liblzma5 pre-depends on multiarch-support
  multiarch-support is not installed.

dpkg: warning: ignoring pre-dependency problem!
Preparing to unpack .../liblzma5_5.1.1alpha+20120614-2+b3_i386.deb ...
Unpacking liblzma5:i386 (5.1.1alpha+20120614-2+b3) ...
Selecting previously unselected package sysvinit-utils.
Preparing to unpack .../sysvinit-utils_2.88dsf-59_i386.deb ...
Unpacking sysvinit-utils (2.88dsf-59) ...
Preparing to unpack .../perl-base_5.20.2-3+deb8u11_i386.deb ...
Unpacking perl-base (5.20.2-3+deb8u11) over (5.20.2-3+deb8u11) ...
Selecting previously unselected package grep.
dpkg: regarding .../grep_2.20-4.1_i386.deb containing grep, pre-dependency problem:
 grep pre-depends on libpcre3 (>= 1:8.35)
  libpcre3 is not installed.

dpkg: warning: ignoring pre-dependency problem!
Preparing to unpack .../grep_2.20-4.1_i386.deb ...
Unpacking grep (2.20-4.1) ...
Selecting previously unselected package sysv-rc.
Preparing to unpack .../sysv-rc_2.88dsf-59_all.deb ...
Unpacking sysv-rc (2.88dsf-59) ...
Selecting previously unselected package startpar.
Preparing to unpack .../startpar_0.59-3_i386.deb ...
Unpacking startpar (0.59-3) ...
Selecting previously unselected package ncurses-bin.
dpkg: regarding .../ncurses-bin_5.9+20140913-1+deb8u3_i386.deb containing ncurses-bin, pre-dependency problem:
 ncurses-bin pre-depends on libtinfo5 (>= 5.9+20130119)
  libtinfo5 is not installed.

dpkg: warning: ignoring pre-dependency problem!
Preparing to unpack .../ncurses-bin_5.9+20140913-1+deb8u3_i386.deb ...
Unpacking ncurses-bin (5.9+20140913-1+deb8u3) ...
Selecting previously unselected package dmsetup.
Preparing to unpack .../dmsetup_2%3a1.02.90-2.2+deb8u1_i386.deb ...
Unpacking dmsetup (2:1.02.90-2.2+deb8u1) ...
Selecting previously unselected package libbz2-1.0:i386.
dpkg: regarding .../libbz2-1.0_1.0.6-7+b3_i386.deb containing libbz2-1.0:i386, pre-dependency problem:
 libbz2-1.0 pre-depends on multiarch-support
  multiarch-support is not installed.

dpkg: warning: ignoring pre-dependency problem!
Preparing to unpack .../libbz2-1.0_1.0.6-7+b3_i386.deb ...
Unpacking libbz2-1.0:i386 (1.0.6-7+b3) ...
Preparing to unpack .../libc6_2.19-18+deb8u10_i386.deb ...
Unpacking libc6:i386 (2.19-18+deb8u10) over (2.19-18+deb8u10) ...
Selecting previously unselected package libselinux1:i386.
dpkg: regarding .../libselinux1_2.3-2_i386.deb containing libselinux1:i386, pre-dependency problem:
 libselinux1 pre-depends on multiarch-support
  multiarch-support is not installed.

dpkg: warning: ignoring pre-dependency problem!
Preparing to unpack .../libselinux1_2.3-2_i386.deb ...
Unpacking libselinux1:i386 (2.3-2) ...
Selecting previously unselected package libudev1:i386.
dpkg: regarding .../libudev1_215-17+deb8u7_i386.deb containing libudev1:i386, pre-dependency problem:
 libudev1 pre-depends on multiarch-support
  multiarch-support is not installed.

dpkg: warning: ignoring pre-dependency problem!
Preparing to unpack .../libudev1_215-17+deb8u7_i386.deb ...
Unpacking libudev1:i386 (215-17+deb8u7) ...
Selecting previously unselected package e2fsprogs.
dpkg: regarding .../e2fsprogs_1.42.12-2+b1_i386.deb containing e2fsprogs, pre-dependency problem:
 e2fsprogs pre-depends on e2fslibs (= 1.42.12-2+b1)
  e2fslibs is not installed.

dpkg: warning: ignoring pre-dependency problem!
dpkg: regarding .../e2fsprogs_1.42.12-2+b1_i386.deb containing e2fsprogs, pre-dependency problem:
 e2fsprogs pre-depends on libblkid1 (>= 2.17.2)
  libblkid1 is not installed.

dpkg: warning: ignoring pre-dependency problem!
dpkg: regarding .../e2fsprogs_1.42.12-2+b1_i386.deb containing e2fsprogs, pre-dependency problem:
 e2fsprogs pre-depends on libcomerr2 (>= 1.42~WIP-2011-10-05-1)
  libcomerr2 is not installed.

dpkg: warning: ignoring pre-dependency problem!
dpkg: regarding .../e2fsprogs_1.42.12-2+b1_i386.deb containing e2fsprogs, pre-dependency problem:
 e2fsprogs pre-depends on libss2 (>= 1.34-1)
  libss2 is not installed.

dpkg: warning: ignoring pre-dependency problem!
dpkg: regarding .../e2fsprogs_1.42.12-2+b1_i386.deb containing e2fsprogs, pre-dependency problem:
 e2fsprogs pre-depends on libuuid1 (>= 2.16)
  libuuid1 is not installed.

dpkg: warning: ignoring pre-dependency problem!
dpkg: regarding .../e2fsprogs_1.42.12-2+b1_i386.deb containing e2fsprogs, pre-dependency problem:
 e2fsprogs pre-depends on util-linux (>= 2.15~rc1-1)
  util-linux is not installed.

dpkg: warning: ignoring pre-dependency problem!
Preparing to unpack .../e2fsprogs_1.42.12-2+b1_i386.deb ...
Unpacking e2fsprogs (1.42.12-2+b1) ...
Selecting previously unselected package libacl1:i386.
dpkg: regarding .../libacl1_2.2.52-2_i386.deb containing libacl1:i386, pre-dependency problem:
 libacl1 pre-depends on multiarch-support
  multiarch-support is not installed.

dpkg: warning: ignoring pre-dependency problem!
Preparing to unpack .../libacl1_2.2.52-2_i386.deb ...
Unpacking libacl1:i386 (2.2.52-2) ...
Selecting previously unselected package bash.
dpkg: regarding .../bash_4.3-11+deb8u1_i386.deb containing bash, pre-dependency problem:
 bash pre-depends on dash (>= 0.5.5.1-2.2)
  dash is not installed.

dpkg: warning: ignoring pre-dependency problem!
dpkg: regarding .../bash_4.3-11+deb8u1_i386.deb containing bash, pre-dependency problem:
 bash pre-depends on libncurses5 (>= 5.5-5~)
  libncurses5 is not installed.

dpkg: warning: ignoring pre-dependency problem!
dpkg: regarding .../bash_4.3-11+deb8u1_i386.deb containing bash, pre-dependency problem:
 bash pre-depends on libtinfo5
  libtinfo5 is not installed.

dpkg: warning: ignoring pre-dependency problem!
Preparing to unpack .../bash_4.3-11+deb8u1_i386.deb ...
Unpacking bash (4.3-11+deb8u1) ...
Selecting previously unselected package multiarch-support.
Preparing to unpack .../multiarch-support_2.19-18+deb8u10_i386.deb ...
Unpacking multiarch-support (2.19-18+deb8u10) ...
Selecting previously unselected package libncurses5:i386.
dpkg: regarding .../libncurses5_5.9+20140913-1+deb8u3_i386.deb containing libncurses5:i386, pre-dependency problem:
 libncurses5 pre-depends on multiarch-support
  multiarch-support is unpacked, but has never been configured.

dpkg: warning: ignoring pre-dependency problem!
dpkg: regarding .../libncurses5_5.9+20140913-1+deb8u3_i386.deb containing libncurses5:i386, pre-dependency problem:
 libncurses5 pre-depends on libtinfo5 (>= 5.9-3)
  libtinfo5 is not installed.

dpkg: warning: ignoring pre-dependency problem!
Preparing to unpack .../libncurses5_5.9+20140913-1+deb8u3_i386.deb ...
Unpacking libncurses5:i386 (5.9+20140913-1+deb8u3) ...
Selecting previously unselected package init.
dpkg: regarding .../archives/init_1.22_i386.deb containing init, pre-dependency problem:
 init pre-depends on systemd-sysv | sysvinit-core | upstart
  systemd-sysv is unpacked, but has never been configured.
  sysvinit-core is not installed.
  upstart is not installed.

dpkg: warning: ignoring pre-dependency problem!
Preparing to unpack .../archives/init_1.22_i386.deb ...
Unpacking init (1.22) ...
Selecting previously unselected package libsmartcols1:i386.
dpkg: regarding .../libsmartcols1_2.25.2-6_i386.deb containing libsmartcols1:i386, pre-dependency problem:
 libsmartcols1 pre-depends on multiarch-support
  multiarch-support is unpacked, but has never been configured.

dpkg: warning: ignoring pre-dependency problem!
Preparing to unpack .../libsmartcols1_2.25.2-6_i386.deb ...
Unpacking libsmartcols1:i386 (2.25.2-6) ...
Selecting previously unselected package gzip.
Preparing to unpack .../archives/gzip_1.6-4_i386.deb ...
Unpacking gzip (1.6-4) ...
Selecting previously unselected package libaudit-common.
Preparing to unpack .../libaudit-common_1%3a2.4-1_all.deb ...
Unpacking libaudit-common (1:2.4-1) ...
Selecting previously unselected package libsemanage1:i386.
dpkg: regarding .../libsemanage1_2.3-1+b1_i386.deb containing libsemanage1:i386, pre-dependency problem:
 libsemanage1 pre-depends on multiarch-support
  multiarch-support is unpacked, but has never been configured.

dpkg: warning: ignoring pre-dependency problem!
Preparing to unpack .../libsemanage1_2.3-1+b1_i386.deb ...
Unpacking libsemanage1:i386 (2.3-1+b1) ...
Selecting previously unselected package libpam-modules:i386.
dpkg: regarding .../libpam-modules_1.1.8-3.1+deb8u2+b1_i386.deb containing libpam-modules:i386, pre-dependency problem:
 libpam-modules pre-depends on libaudit1 (>= 1:2.2.1)
  libaudit1 is not installed.

dpkg: warning: ignoring pre-dependency problem!
dpkg: regarding .../libpam-modules_1.1.8-3.1+deb8u2+b1_i386.deb containing libpam-modules:i386, pre-dependency problem:
 libpam-modules pre-depends on libdb5.3
  libdb5.3 is not installed.

dpkg: warning: ignoring pre-dependency problem!
dpkg: regarding .../libpam-modules_1.1.8-3.1+deb8u2+b1_i386.deb containing libpam-modules:i386, pre-dependency problem:
 libpam-modules pre-depends on libpam0g (>= 1.1.3-2)
  libpam0g is not installed.

dpkg: warning: ignoring pre-dependency problem!
dpkg: regarding .../libpam-modules_1.1.8-3.1+deb8u2+b1_i386.deb containing libpam-modules:i386, pre-dependency problem:
 libpam-modules pre-depends on libselinux1 (>= 2.1.9)
  libselinux1:i386 is unpacked, but has never been configured.

dpkg: warning: ignoring pre-dependency problem!
dpkg: regarding .../libpam-modules_1.1.8-3.1+deb8u2+b1_i386.deb containing libpam-modules:i386, pre-dependency problem:
 libpam-modules pre-depends on libpam-modules-bin (= 1.1.8-3.1+deb8u2+b1)
  libpam-modules-bin is unpacked, but has never been configured.

dpkg: warning: ignoring pre-dependency problem!
Preparing to unpack .../libpam-modules_1.1.8-3.1+deb8u2+b1_i386.deb ...
Unpacking libpam-modules:i386 (1.1.8-3.1+deb8u2+b1) ...
Selecting previously unselected package findutils.
Preparing to unpack .../findutils_4.4.2-9+b1_i386.deb ...
Unpacking findutils (4.4.2-9+b1) ...
Selecting previously unselected package systemd.
dpkg: regarding .../systemd_215-17+deb8u7_i386.deb containing systemd, pre-dependency problem:
 systemd pre-depends on libgcrypt20 (>= 1.6.1)
  libgcrypt20:i386 is unpacked, but has never been configured.

dpkg: warning: ignoring pre-dependency problem!
dpkg: regarding .../systemd_215-17+deb8u7_i386.deb containing systemd, pre-dependency problem:
 systemd pre-depends on liblzma5 (>= 5.1.1alpha+20120614)
  liblzma5:i386 is unpacked, but has never been configured.

dpkg: warning: ignoring pre-dependency problem!
dpkg: regarding .../systemd_215-17+deb8u7_i386.deb containing systemd, pre-dependency problem:
 systemd pre-depends on libselinux1 (>= 1.32)
  libselinux1:i386 is unpacked, but has never been configured.

dpkg: warning: ignoring pre-dependency problem!
Preparing to unpack .../systemd_215-17+deb8u7_i386.deb ...
Unpacking systemd (215-17+deb8u7) ...
Selecting previously unselected package libpam-runtime.
Preparing to unpack .../libpam-runtime_1.1.8-3.1+deb8u2_all.deb ...
Unpacking libpam-runtime (1.1.8-3.1+deb8u2) ...
Preparing to unpack .../mawk_1.3.3-17_i386.deb ...
Unpacking mawk (1.3.3-17) over (1.3.3-17) ...
Selecting previously unselected package tzdata.
Preparing to unpack .../tzdata_2018e-0+deb8u1_all.deb ...
Unpacking tzdata (2018e-0+deb8u1) ...
Selecting previously unselected package libc-bin.
Preparing to unpack .../libc-bin_2.19-18+deb8u10_i386.deb ...
Unpacking libc-bin (2.19-18+deb8u10) ...
dpkg: regarding .../base-files_8+deb8u11_i386.deb containing base-files, pre-dependency problem:
 base-files pre-depends on awk
  mawk provides awk but is unpacked but not configured.

dpkg: warning: ignoring pre-dependency problem!
Preparing to unpack .../base-files_8+deb8u11_i386.deb ...
Unpacking base-files (8+deb8u11) over (8+deb8u11) ...
Selecting previously unselected package passwd.
Preparing to unpack .../passwd_1%3a4.2-3+deb8u4_i386.deb ...
Unpacking passwd (1:4.2-3+deb8u4) ...
Selecting previously unselected package libslang2:i386.
dpkg: regarding .../libslang2_2.3.0-2_i386.deb containing libslang2:i386, pre-dependency problem:
 libslang2 pre-depends on multiarch-support
  multiarch-support is unpacked, but has never been configured.

dpkg: warning: ignoring pre-dependency problem!
Preparing to unpack .../libslang2_2.3.0-2_i386.deb ...
Unpacking libslang2:i386 (2.3.0-2) ...
Selecting previously unselected package libcomerr2:i386.
dpkg: regarding .../libcomerr2_1.42.12-2+b1_i386.deb containing libcomerr2:i386, pre-dependency problem:
 libcomerr2 pre-depends on multiarch-support
  multiarch-support is unpacked, but has never been configured.

dpkg: warning: ignoring pre-dependency problem!
Preparing to unpack .../libcomerr2_1.42.12-2+b1_i386.deb ...
Unpacking libcomerr2:i386 (1.42.12-2+b1) ...
Selecting previously unselected package tar.
dpkg: regarding .../tar_1.27.1-2+deb8u1_i386.deb containing tar, pre-dependency problem:
 tar pre-depends on libacl1 (>= 2.2.51-8)
  libacl1:i386 is unpacked, but has never been configured.

dpkg: warning: ignoring pre-dependency problem!
dpkg: regarding .../tar_1.27.1-2+deb8u1_i386.deb containing tar, pre-dependency problem:
 tar pre-depends on libselinux1 (>= 1.32)
  libselinux1:i386 is unpacked, but has never been configured.

dpkg: warning: ignoring pre-dependency problem!
Preparing to unpack .../tar_1.27.1-2+deb8u1_i386.deb ...
Unpacking tar (1.27.1-2+deb8u1) ...
Selecting previously unselected package libblkid1:i386.
dpkg: regarding .../libblkid1_2.25.2-6_i386.deb containing libblkid1:i386, pre-dependency problem:
 libblkid1 pre-depends on multiarch-support
  multiarch-support is unpacked, but has never been configured.

dpkg: warning: ignoring pre-dependency problem!
Preparing to unpack .../libblkid1_2.25.2-6_i386.deb ...
Unpacking libblkid1:i386 (2.25.2-6) ...
Selecting previously unselected package libuuid1:i386.
dpkg: regarding .../libuuid1_2.25.2-6_i386.deb containing libuuid1:i386, pre-dependency problem:
 libuuid1 pre-depends on multiarch-support
  multiarch-support is unpacked, but has never been configured.

dpkg: warning: ignoring pre-dependency problem!
Preparing to unpack .../libuuid1_2.25.2-6_i386.deb ...
Unpacking libuuid1:i386 (2.25.2-6) ...
Selecting previously unselected package libaudit1:i386.
dpkg: regarding .../libaudit1_1%3a2.4-1+b1_i386.deb containing libaudit1:i386, pre-dependency problem:
 libaudit1 pre-depends on multiarch-support
  multiarch-support is unpacked, but has never been configured.

dpkg: warning: ignoring pre-dependency problem!
Preparing to unpack .../libaudit1_1%3a2.4-1+b1_i386.deb ...
Unpacking libaudit1:i386 (1:2.4-1+b1) ...
dpkg: regarding .../archives/dpkg_1.17.27_i386.deb containing dpkg, pre-dependency problem:
 dpkg pre-depends on libbz2-1.0
  libbz2-1.0:i386 is unpacked, but has never been configured.

dpkg: warning: ignoring pre-dependency problem!
dpkg: regarding .../archives/dpkg_1.17.27_i386.deb containing dpkg, pre-dependency problem:
 dpkg pre-depends on liblzma5 (>= 5.1.1alpha+20120614)
  liblzma5:i386 is unpacked, but has never been configured.

dpkg: warning: ignoring pre-dependency problem!
dpkg: regarding .../archives/dpkg_1.17.27_i386.deb containing dpkg, pre-dependency problem:
 dpkg pre-depends on libselinux1 (>= 2.3)
  libselinux1:i386 is unpacked, but has never been configured.

dpkg: warning: ignoring pre-dependency problem!
dpkg: regarding .../archives/dpkg_1.17.27_i386.deb containing dpkg, pre-dependency problem:
 dpkg pre-depends on zlib1g (>= 1:1.1.4)
  zlib1g is not installed.

dpkg: warning: ignoring pre-dependency problem!
dpkg: regarding .../archives/dpkg_1.17.27_i386.deb containing dpkg, pre-dependency problem:
 dpkg pre-depends on tar (>= 1.23)
  tar is unpacked, but has never been configured.

dpkg: warning: ignoring pre-dependency problem!
Preparing to unpack .../archives/dpkg_1.17.27_i386.deb ...
Unpacking dpkg (1.17.27) over (1.17.27) ...
Selecting previously unselected package gcc-4.9-base:i386.
Preparing to unpack .../gcc-4.9-base_4.9.2-10+deb8u1_i386.deb ...
Unpacking gcc-4.9-base:i386 (4.9.2-10+deb8u1) ...
Preparing to unpack .../base-passwd_3.5.37_i386.deb ...
Unpacking base-passwd (3.5.37) over (3.5.37) ...
Selecting previously unselected package libcap2-bin.
Preparing to unpack .../libcap2-bin_1%3a2.24-8_i386.deb ...
Unpacking libcap2-bin (1:2.24-8) ...
Selecting previously unselected package libustr-1.0-1:i386.
dpkg: regarding .../libustr-1.0-1_1.0.4-3+b2_i386.deb containing libustr-1.0-1:i386, pre-dependency problem:
 libustr-1.0-1 pre-depends on multiarch-support
  multiarch-support is unpacked, but has never been configured.

dpkg: warning: ignoring pre-dependency problem!
Preparing to unpack .../libustr-1.0-1_1.0.4-3+b2_i386.deb ...
Unpacking libustr-1.0-1:i386 (1.0.4-3+b2) ...
Selecting previously unselected package libdb5.3:i386.
dpkg: regarding .../libdb5.3_5.3.28-9+deb8u1_i386.deb containing libdb5.3:i386, pre-dependency problem:
 libdb5.3 pre-depends on multiarch-support
  multiarch-support is unpacked, but has never been configured.

dpkg: warning: ignoring pre-dependency problem!
Preparing to unpack .../libdb5.3_5.3.28-9+deb8u1_i386.deb ...
Unpacking libdb5.3:i386 (5.3.28-9+deb8u1) ...
Selecting previously unselected package dash.
Preparing to unpack .../dash_0.5.7-4+b1_i386.deb ...
Adding 'diversion of /bin/sh to /bin/sh.distrib by dash'
Adding 'diversion of /usr/share/man/man1/sh.1.gz to /usr/share/man/man1/sh.distrib.1.gz by dash'
Unpacking dash (0.5.7-4+b1) ...
Selecting previously unselected package libsystemd0:i386.
dpkg: regarding .../libsystemd0_215-17+deb8u7_i386.deb containing libsystemd0:i386, pre-dependency problem:
 libsystemd0 pre-depends on libgcrypt20 (>= 1.6.1)
  libgcrypt20:i386 is unpacked, but has never been configured.

dpkg: warning: ignoring pre-dependency problem!
dpkg: regarding .../libsystemd0_215-17+deb8u7_i386.deb containing libsystemd0:i386, pre-dependency problem:
 libsystemd0 pre-depends on liblzma5 (>= 5.1.1alpha+20120614)
  liblzma5:i386 is unpacked, but has never been configured.

dpkg: warning: ignoring pre-dependency problem!
dpkg: regarding .../libsystemd0_215-17+deb8u7_i386.deb containing libsystemd0:i386, pre-dependency problem:
 libsystemd0 pre-depends on multiarch-support
  multiarch-support is unpacked, but has never been configured.

dpkg: warning: ignoring pre-dependency problem!
Preparing to unpack .../libsystemd0_215-17+deb8u7_i386.deb ...
Unpacking libsystemd0:i386 (215-17+deb8u7) ...
Selecting previously unselected package libtinfo5:i386.
dpkg: regarding .../libtinfo5_5.9+20140913-1+deb8u3_i386.deb containing libtinfo5:i386, pre-dependency problem:
 libtinfo5 pre-depends on multiarch-support
  multiarch-support is unpacked, but has never been configured.

dpkg: warning: ignoring pre-dependency problem!
Preparing to unpack .../libtinfo5_5.9+20140913-1+deb8u3_i386.deb ...
Unpacking libtinfo5:i386 (5.9+20140913-1+deb8u3) ...
Selecting previously unselected package debconf-i18n.
Preparing to unpack .../debconf-i18n_1.5.56+deb8u1_all.deb ...
Unpacking debconf-i18n (1.5.56+deb8u1) ...
Selecting previously unselected package e2fslibs:i386.
dpkg: regarding .../e2fslibs_1.42.12-2+b1_i386.deb containing e2fslibs:i386, pre-dependency problem:
 e2fslibs pre-depends on multiarch-support
  multiarch-support is unpacked, but has never been configured.

dpkg: warning: ignoring pre-dependency problem!
Preparing to unpack .../e2fslibs_1.42.12-2+b1_i386.deb ...
Unpacking e2fslibs:i386 (1.42.12-2+b1) ...
Selecting previously unselected package libprocps3:i386.
dpkg: regarding .../libprocps3_2%3a3.3.9-9+deb8u1_i386.deb containing libprocps3:i386, pre-dependency problem:
 libprocps3 pre-depends on multiarch-support
  multiarch-support is unpacked, but has never been configured.

dpkg: warning: ignoring pre-dependency problem!
Preparing to unpack .../libprocps3_2%3a3.3.9-9+deb8u1_i386.deb ...
Unpacking libprocps3:i386 (2:3.3.9-9+deb8u1) ...
Selecting previously unselected package libpcre3:i386.
dpkg: regarding .../libpcre3_2%3a8.35-3.3+deb8u4_i386.deb containing libpcre3:i386, pre-dependency problem:
 libpcre3 pre-depends on multiarch-support
  multiarch-support is unpacked, but has never been configured.

dpkg: warning: ignoring pre-dependency problem!
Preparing to unpack .../libpcre3_2%3a8.35-3.3+deb8u4_i386.deb ...
Unpacking libpcre3:i386 (2:8.35-3.3+deb8u4) ...
Selecting previously unselected package initscripts.
Preparing to unpack .../initscripts_2.88dsf-59_i386.deb ...
Unpacking initscripts (2.88dsf-59) ...
Selecting previously unselected package bsdutils.
dpkg: regarding .../bsdutils_1%3a2.25.2-6_i386.deb containing bsdutils, pre-dependency problem:
 bsdutils pre-depends on libsystemd0
  libsystemd0:i386 is unpacked, but has never been configured.

dpkg: warning: ignoring pre-dependency problem!
Preparing to unpack .../bsdutils_1%3a2.25.2-6_i386.deb ...
Unpacking bsdutils (1:2.25.2-6) ...
Selecting previously unselected package libdebconfclient0:i386.
dpkg: regarding .../libdebconfclient0_0.192_i386.deb containing libdebconfclient0:i386, pre-dependency problem:
 libdebconfclient0 pre-depends on multiarch-support
  multiarch-support is unpacked, but has never been configured.

dpkg: warning: ignoring pre-dependency problem!
Preparing to unpack .../libdebconfclient0_0.192_i386.deb ...
Unpacking libdebconfclient0:i386 (0.192) ...
Selecting previously unselected package libsemanage-common.
Preparing to unpack .../libsemanage-common_2.3-1_all.deb ...
Unpacking libsemanage-common (2.3-1) ...
Selecting previously unselected package util-linux.
dpkg: regarding .../util-linux_2.25.2-6_i386.deb containing util-linux, pre-dependency problem:
 util-linux pre-depends on libblkid1 (>= 2.25)
  libblkid1:i386 is unpacked, but has never been configured.

dpkg: warning: ignoring pre-dependency problem!
dpkg: regarding .../util-linux_2.25.2-6_i386.deb containing util-linux, pre-dependency problem:
 util-linux pre-depends on libmount1 (>= 2.25)
  libmount1 is not installed.

dpkg: warning: ignoring pre-dependency problem!
dpkg: regarding .../util-linux_2.25.2-6_i386.deb containing util-linux, pre-dependency problem:
 util-linux pre-depends on libncurses5 (>= 5.5-5~)
  libncurses5:i386 is unpacked, but has never been configured.

dpkg: warning: ignoring pre-dependency problem!
dpkg: regarding .../util-linux_2.25.2-6_i386.deb containing util-linux, pre-dependency problem:
 util-linux pre-depends on libpam0g (>= 0.99.7.1)
  libpam0g is not installed.

dpkg: warning: ignoring pre-dependency problem!
dpkg: regarding .../util-linux_2.25.2-6_i386.deb containing util-linux, pre-dependency problem:
 util-linux pre-depends on libselinux1 (>= 1.32)
  libselinux1:i386 is unpacked, but has never been configured.

dpkg: warning: ignoring pre-dependency problem!
dpkg: regarding .../util-linux_2.25.2-6_i386.deb containing util-linux, pre-dependency problem:
 util-linux pre-depends on libslang2 (>= 2.2.4)
  libslang2:i386 is unpacked, but has never been configured.

dpkg: warning: ignoring pre-dependency problem!
dpkg: regarding .../util-linux_2.25.2-6_i386.deb containing util-linux, pre-dependency problem:
 util-linux pre-depends on libsmartcols1 (>= 2.25)
  libsmartcols1:i386 is unpacked, but has never been configured.

dpkg: warning: ignoring pre-dependency problem!
dpkg: regarding .../util-linux_2.25.2-6_i386.deb containing util-linux, pre-dependency problem:
 util-linux pre-depends on libtinfo5
  libtinfo5:i386 is unpacked, but has never been configured.

dpkg: warning: ignoring pre-dependency problem!
dpkg: regarding .../util-linux_2.25.2-6_i386.deb containing util-linux, pre-dependency problem:
 util-linux pre-depends on libuuid1 (>= 2.16)
  libuuid1:i386 is unpacked, but has never been configured.

dpkg: warning: ignoring pre-dependency problem!
dpkg: regarding .../util-linux_2.25.2-6_i386.deb containing util-linux, pre-dependency problem:
 util-linux pre-depends on zlib1g (>= 1:1.1.4)
  zlib1g is not installed.

dpkg: warning: ignoring pre-dependency problem!
Preparing to unpack .../util-linux_2.25.2-6_i386.deb ...
Unpacking util-linux (2.25.2-6) ...
Selecting previously unselected package adduser.
Preparing to unpack .../adduser_3.113+nmu3_all.deb ...
Unpacking adduser (3.113+nmu3) ...
Selecting previously unselected package libtext-wrapi18n-perl.
Preparing to unpack .../libtext-wrapi18n-perl_0.06-7_all.deb ...
Unpacking libtext-wrapi18n-perl (0.06-7) ...
Selecting previously unselected package liblocale-gettext-perl.
dpkg: regarding .../liblocale-gettext-perl_1.05-8+b1_i386.deb containing liblocale-gettext-perl, pre-dependency problem:
 liblocale-gettext-perl pre-depends on perlapi-5.20.0
  perl-base provides perlapi-5.20.0 but is unpacked but not configured.

dpkg: warning: ignoring pre-dependency problem!
Preparing to unpack .../liblocale-gettext-perl_1.05-8+b1_i386.deb ...
Unpacking liblocale-gettext-perl (1.05-8+b1) ...
Selecting previously unselected package libmount1:i386.
dpkg: regarding .../libmount1_2.25.2-6_i386.deb containing libmount1:i386, pre-dependency problem:
 libmount1 pre-depends on multiarch-support
  multiarch-support is unpacked, but has never been configured.

dpkg: warning: ignoring pre-dependency problem!
Preparing to unpack .../libmount1_2.25.2-6_i386.deb ...
Unpacking libmount1:i386 (2.25.2-6) ...
Selecting previously unselected package sed.
dpkg: regarding .../sed_4.2.2-4+deb8u1_i386.deb containing sed, pre-dependency problem:
 sed pre-depends on libselinux1 (>= 1.32)
  libselinux1:i386 is unpacked, but has never been configured.

dpkg: warning: ignoring pre-dependency problem!
Preparing to unpack .../sed_4.2.2-4+deb8u1_i386.deb ...
Unpacking sed (4.2.2-4+deb8u1) ...
Selecting previously unselected package libpam0g:i386.
dpkg: regarding .../libpam0g_1.1.8-3.1+deb8u2+b1_i386.deb containing libpam0g:i386, pre-dependency problem:
 libpam0g pre-depends on multiarch-support
  multiarch-support is unpacked, but has never been configured.

dpkg: warning: ignoring pre-dependency problem!
Preparing to unpack .../libpam0g_1.1.8-3.1+deb8u2+b1_i386.deb ...
Unpacking libpam0g:i386 (1.1.8-3.1+deb8u2+b1) ...
Selecting previously unselected package sensible-utils.
Preparing to unpack .../sensible-utils_0.0.9+deb8u1_all.deb ...
Unpacking sensible-utils (0.0.9+deb8u1) ...
Selecting previously unselected package libcap2:i386.
dpkg: regarding .../libcap2_1%3a2.24-8_i386.deb containing libcap2:i386, pre-dependency problem:
 libcap2 pre-depends on multiarch-support
  multiarch-support is unpacked, but has never been configured.

dpkg: warning: ignoring pre-dependency problem!
Preparing to unpack .../libcap2_1%3a2.24-8_i386.deb ...
Unpacking libcap2:i386 (1:2.24-8) ...
Selecting previously unselected package coreutils.
dpkg: regarding .../coreutils_8.23-4_i386.deb containing coreutils, pre-dependency problem:
 coreutils pre-depends on libacl1 (>= 2.2.51-8)
  libacl1:i386 is unpacked, but has never been configured.

dpkg: warning: ignoring pre-dependency problem!
dpkg: regarding .../coreutils_8.23-4_i386.deb containing coreutils, pre-dependency problem:
 coreutils pre-depends on libattr1 (>= 1:2.4.46-8)
  libattr1:i386 is unpacked, but has never been configured.

dpkg: warning: ignoring pre-dependency problem!
dpkg: regarding .../coreutils_8.23-4_i386.deb containing coreutils, pre-dependency problem:
 coreutils pre-depends on libselinux1 (>= 2.1.13)
  libselinux1:i386 is unpacked, but has never been configured.

dpkg: warning: ignoring pre-dependency problem!
Preparing to unpack .../coreutils_8.23-4_i386.deb ...
Unpacking coreutils (8.23-4) ...
Selecting previously unselected package libkmod2:i386.
dpkg: regarding .../libkmod2_18-3_i386.deb containing libkmod2:i386, pre-dependency problem:
 libkmod2 pre-depends on multiarch-support
  multiarch-support is unpacked, but has never been configured.

dpkg: warning: ignoring pre-dependency problem!
Preparing to unpack .../libkmod2_18-3_i386.deb ...
Unpacking libkmod2:i386 (18-3) ...
Selecting previously unselected package libss2:i386.
dpkg: regarding .../libss2_1.42.12-2+b1_i386.deb containing libss2:i386, pre-dependency problem:
 libss2 pre-depends on multiarch-support
  multiarch-support is unpacked, but has never been configured.

dpkg: warning: ignoring pre-dependency problem!
Preparing to unpack .../libss2_1.42.12-2+b1_i386.deb ...
Unpacking libss2:i386 (1.42.12-2+b1) ...
Selecting previously unselected package ncurses-base.
Preparing to unpack .../ncurses-base_5.9+20140913-1+deb8u3_all.deb ...
Unpacking ncurses-base (5.9+20140913-1+deb8u3) ...
Selecting previously unselected package zlib1g:i386.
dpkg: regarding .../zlib1g_1%3a1.2.8.dfsg-2+b1_i386.deb containing zlib1g:i386, pre-dependency problem:
 zlib1g pre-depends on multiarch-support
  multiarch-support is unpacked, but has never been configured.

dpkg: warning: ignoring pre-dependency problem!
Preparing to unpack .../zlib1g_1%3a1.2.8.dfsg-2+b1_i386.deb ...
Unpacking zlib1g:i386 (1:1.2.8.dfsg-2+b1) ...
Selecting previously unselected package diffutils.
Preparing to unpack .../diffutils_1%3a3.3-1+b1_i386.deb ...
Unpacking diffutils (1:3.3-1+b1) ...
Selecting previously unselected package libsepol1:i386.
dpkg: regarding .../libsepol1_2.3-2_i386.deb containing libsepol1:i386, pre-dependency problem:
 libsepol1 pre-depends on multiarch-support
  multiarch-support is unpacked, but has never been configured.

dpkg: warning: ignoring pre-dependency problem!
Preparing to unpack .../libsepol1_2.3-2_i386.deb ...
Unpacking libsepol1:i386 (2.3-2) ...
Selecting previously unselected package procps.
Preparing to unpack .../procps_2%3a3.3.9-9+deb8u1_i386.deb ...
Unpacking procps (2:3.3.9-9+deb8u1) ...
Selecting previously unselected package insserv.
Preparing to unpack .../insserv_1.14.0-5_i386.deb ...
Unpacking insserv (1.14.0-5) ...
Selecting previously unselected package lsb-base.
Preparing to unpack .../lsb-base_4.1+Debian13+nmu1_all.deb ...
Unpacking lsb-base (4.1+Debian13+nmu1) ...
Setting up gcc-4.8-base:i386 (4.8.4-1) ...
Setting up lsb-base (4.1+Debian13+nmu1) ...
Setting up sensible-utils (0.0.9+deb8u1) ...
Setting up ncurses-base (5.9+20140913-1+deb8u3) ...
Setting up libsemanage-common (2.3-1) ...
Setting up gcc-4.9-base:i386 (4.9.2-10+deb8u1) ...
Setting up libaudit-common (1:2.4-1) ...
Setting up libc6:i386 (2.19-18+deb8u10) ...
Setting up startpar (0.59-3) ...
Setting up libc-bin (2.19-18+deb8u10) ...
Setting up diffutils (1:3.3-1+b1) ...
Setting up insserv (1.14.0-5) ...
Setting up findutils (4.4.2-9+b1) ...
Setting up debianutils (4.4+b1) ...
Setting up hostname (3.15) ...
Setting up multiarch-support (2.19-18+deb8u10) ...
Setting up mawk (1.3.3-17) ...
Setting up libprocps3:i386 (2:3.3.9-9+deb8u1) ...
Setting up libpcre3:i386 (2:8.35-3.3+deb8u4) ...
Setting up libbz2-1.0:i386 (1.0.6-7+b3) ...
Setting up libkmod2:i386 (18-3) ...
Setting up libgpg-error0:i386 (1.17-3) ...
Setting up base-files (8+deb8u11) ...
Setting up libdebconfclient0:i386 (0.192) ...
Setting up libselinux1:i386 (2.3-2) ...
Setting up libcomerr2:i386 (1.42.12-2+b1) ...
Setting up libslang2:i386 (2.3.0-2) ...
Setting up libsepol1:i386 (2.3-2) ...
Setting up libgcc1:i386 (1:4.9.2-10+deb8u1) ...
Setting up libustr-1.0-1:i386 (1.0.4-3+b2) ...
Setting up libsmartcols1:i386 (2.25.2-6) ...
Setting up libaudit1:i386 (1:2.4-1+b1) ...
Setting up libtinfo5:i386 (5.9+20140913-1+deb8u3) ...
Setting up libudev1:i386 (215-17+deb8u7) ...
Setting up libattr1:i386 (1:2.4.47-2) ...
Setting up libss2:i386 (1.42.12-2+b1) ...
Setting up liblzma5:i386 (5.1.1alpha+20120614-2+b3) ...
Setting up base-passwd (3.5.37) ...
Setting up e2fslibs:i386 (1.42.12-2+b1) ...
Setting up libgcrypt20:i386 (1.6.3-2+deb8u4) ...
Setting up libncursesw5:i386 (5.9+20140913-1+deb8u3) ...
Setting up libdb5.3:i386 (5.3.28-9+deb8u1) ...
Setting up zlib1g:i386 (1:1.2.8.dfsg-2+b1) ...
Setting up libcap2:i386 (1:2.24-8) ...
Setting up libsystemd0:i386 (215-17+deb8u7) ...
Setting up libdevmapper1.02.1:i386 (2:1.02.90-2.2+deb8u1) ...
Setting up libsemanage1:i386 (2.3-1+b1) ...
Setting up sysvinit-utils (2.88dsf-59) ...
Setting up libacl1:i386 (2.2.52-2) ...
Setting up ncurses-bin (5.9+20140913-1+deb8u3) ...
Setting up acl (2.2.52-2) ...
Setting up libncurses5:i386 (5.9+20140913-1+deb8u3) ...
Setting up libcap2-bin (1:2.24-8) ...
Setting up bsdutils (1:2.25.2-6) ...
Setting up coreutils (8.23-4) ...
Setting up tar (1.27.1-2+deb8u1) ...
update-alternatives: using /usr/sbin/rmt-tar to provide /usr/sbin/rmt (rmt) in auto mode
Setting up dpkg (1.17.27) ...
Setting up sed (4.2.2-4+deb8u1) ...
Setting up perl-base (5.20.2-3+deb8u11) ...
Setting up grep (2.20-4.1) ...
Setting up debconf (1.5.56+deb8u1) ...
Setting up tzdata (2018e-0+deb8u1) ...

Current default time zone: 'Etc/UTC'
Local time is now:      Thu Nov 22 11:31:05 UTC 2018.
Universal Time is now:  Thu Nov 22 11:31:05 UTC 2018.
Run 'dpkg-reconfigure tzdata' if you wish to change it.

Setting up gzip (1.6-4) ...
Setting up dash (0.5.7-4+b1) ...
Setting up libtext-iconv-perl (1.7-5+b2) ...
Setting up sysv-rc (2.88dsf-59) ...
Setting up liblocale-gettext-perl (1.05-8+b1) ...
Setting up libtext-charwidth-perl (0.04-7+b3) ...
Setting up libpam0g:i386 (1.1.8-3.1+deb8u2+b1) ...
Setting up libpam-modules-bin (1.1.8-3.1+deb8u2+b1) ...
Setting up bash (4.3-11+deb8u1) ...
update-alternatives: using /usr/share/man/man7/bash-builtins.7.gz to provide /usr/share/man/man7/builtins.7.gz (builtins.7.gz) in auto mode
Setting up libtext-wrapi18n-perl (0.06-7) ...
Setting up libpam-modules:i386 (1.1.8-3.1+deb8u2+b1) ...
Setting up libpam-runtime (1.1.8-3.1+deb8u2) ...
Setting up debconf-i18n (1.5.56+deb8u1) ...
Setting up passwd (1:4.2-3+deb8u4) ...
Shadow passwords are now on.
Setting up login (1:4.2-3+deb8u4) ...
Setting up adduser (3.113+nmu3) ...
Setting up libuuid1:i386 (2.25.2-6) ...
Setting up libblkid1:i386 (2.25.2-6) ...
Setting up libmount1:i386 (2.25.2-6) ...
Setting up libcryptsetup4:i386 (2:1.6.6-5) ...
Setting up mount (2.25.2-6) ...
Setting up initscripts (2.88dsf-59) ...
invoke-rc.d: policy-rc.d denied execution of start.
Setting up util-linux (2.25.2-6) ...
update-alternatives: using /bin/more to provide /usr/bin/pager (pager) in auto mode
Setting up e2fsprogs (1.42.12-2+b1) ...
Setting up procps (2:3.3.9-9+deb8u1) ...
update-alternatives: using /usr/bin/w.procps to provide /usr/bin/w (w) in auto mode
invoke-rc.d: policy-rc.d denied execution of start.
Setting up udev (215-17+deb8u7) ...
Adding group `input' (GID 101) ...
Done.
A chroot environment has been detected, udev not started.
Setting up systemd (215-17+deb8u7) ...
Initializing machine ID from random generator.
Adding group `systemd-journal' (GID 102) ...
Done.
Created symlink from /etc/systemd/system/getty.target.wants/getty@tty1.service to /lib/systemd/system/getty@.service.
Created symlink from /etc/systemd/system/multi-user.target.wants/remote-fs.target to /lib/systemd/system/remote-fs.target.
Created symlink from /etc/systemd/system/reboot.target.wants/hwclock-save.service to /lib/systemd/system/hwclock-save.service.
Created symlink from /etc/systemd/system/halt.target.wants/hwclock-save.service to /lib/systemd/system/hwclock-save.service.
Created symlink from /etc/systemd/system/poweroff.target.wants/hwclock-save.service to /lib/systemd/system/hwclock-save.service.
Setting up dmsetup (2:1.02.90-2.2+deb8u1) ...
Setting up systemd-sysv (215-17+deb8u7) ...
Setting up init (1.22) ...
Processing triggers for libc-bin (2.19-18+deb8u10) ...
(Reading database ... 7066 files and directories currently installed.)
Preparing to unpack .../dmidecode_2.12-3_i386.deb ...
Unpacking dmidecode (2.12-3) ...
Preparing to unpack .../libstdc++6_4.9.2-10+deb8u1_i386.deb ...
Unpacking libstdc++6:i386 (4.9.2-10+deb8u1) ...
Preparing to unpack .../libtasn1-6_4.2-3+deb8u3_i386.deb ...
Unpacking libtasn1-6:i386 (4.2-3+deb8u3) ...
Preparing to unpack .../wget_1.16-1+deb8u5_i386.deb ...
Unpacking wget (1.16-1+deb8u5) ...
Preparing to unpack .../gpgv_1.4.18-7+deb8u5_i386.deb ...
Unpacking gpgv (1.4.18-7+deb8u5) ...
Preparing to unpack .../libpopt0_1.16-10_i386.deb ...
Unpacking libpopt0:i386 (1.16-10) ...
Preparing to unpack .../traceroute_1%3a2.0.20-2+b1_i386.deb ...
Unpacking traceroute (1:2.0.20-2+b1) ...
Preparing to unpack .../apt-utils_1.0.9.8.4_i386.deb ...
Unpacking apt-utils (1.0.9.8.4) ...
Preparing to unpack .../libp11-kit0_0.20.7-1_i386.deb ...
Unpacking libp11-kit0:i386 (0.20.7-1) ...
Preparing to unpack .../archives/less_458-3_i386.deb ...
Unpacking less (458-3) ...
Preparing to unpack .../libreadline6_6.3-8+b3_i386.deb ...
Unpacking libreadline6:i386 (6.3-8+b3) ...
Preparing to unpack .../libnewt0.52_0.52.17-1+b1_i386.deb ...
Unpacking libnewt0.52:i386 (0.52.17-1+b1) ...
Preparing to unpack .../isc-dhcp-client_4.3.1-6+deb8u3_i386.deb ...
Unpacking isc-dhcp-client (4.3.1-6+deb8u3) ...
Preparing to unpack .../libusb-0.1-4_2%3a0.1.12-25_i386.deb ...
Unpacking libusb-0.1-4:i386 (2:0.1.12-25) ...
Preparing to unpack .../vim-tiny_2%3a7.4.488-7+deb8u3_i386.deb ...
Unpacking vim-tiny (2:7.4.488-7+deb8u3) ...
Preparing to unpack .../apt_1.0.9.8.4_i386.deb ...
Unpacking apt (1.0.9.8.4) ...
Preparing to unpack .../libmnl0_1.0.3-5_i386.deb ...
Unpacking libmnl0:i386 (1.0.3-5) ...
Preparing to unpack .../netcat-traditional_1.10-41_i386.deb ...
Unpacking netcat-traditional (1.10-41) ...
Preparing to unpack .../libgnutls-openssl27_3.3.8-6+deb8u7_i386.deb ...
Unpacking libgnutls-openssl27:i386 (3.3.8-6+deb8u7) ...
Preparing to unpack .../libpsl0_0.5.1-1_i386.deb ...
Unpacking libpsl0:i386 (0.5.1-1) ...
Preparing to unpack .../libnetfilter-acct1_1.0.2-1.1_i386.deb ...
Unpacking libnetfilter-acct1:i386 (1.0.2-1.1) ...
Preparing to unpack .../logrotate_3.8.7-1+b1_i386.deb ...
Unpacking logrotate (3.8.7-1+b1) ...
Preparing to unpack .../bsdmainutils_9.0.6_i386.deb ...
Unpacking bsdmainutils (9.0.6) ...
Preparing to unpack .../libestr0_0.1.9-1.1_i386.deb ...
Unpacking libestr0 (0.1.9-1.1) ...
Preparing to unpack .../libdns-export100_1%3a9.9.5.dfsg-9+deb8u15_i386.deb ...
Unpacking libdns-export100 (1:9.9.5.dfsg-9+deb8u15) ...
Preparing to unpack .../archives/netbase_5.3_all.deb ...
Unpacking netbase (5.3) ...
Preparing to unpack .../cpio_2.11+dfsg-4.1+deb8u1_i386.deb ...
Unpacking cpio (2.11+dfsg-4.1+deb8u1) ...
Preparing to unpack .../rsyslog_8.4.2-1+deb8u2_i386.deb ...
Unpacking rsyslog (8.4.2-1+deb8u2) ...
Preparing to unpack .../libssl1.0.0_1.0.1t-1+deb8u8_i386.deb ...
Unpacking libssl1.0.0:i386 (1.0.1t-1+deb8u8) ...
Preparing to unpack .../liblognorm1_1.0.1-3_i386.deb ...
Unpacking liblognorm1:i386 (1.0.1-3) ...
Preparing to unpack .../libgmp10_2%3a6.0.0+dfsg-6_i386.deb ...
Unpacking libgmp10:i386 (2:6.0.0+dfsg-6) ...
Preparing to unpack .../tasksel_3.31+deb8u1_all.deb ...
Unpacking tasksel (3.31+deb8u1) ...
Preparing to unpack .../nfacct_1.0.1-1.1_i386.deb ...
Unpacking nfacct (1.0.1-1.1) ...
Preparing to unpack .../gnupg_1.4.18-7+deb8u5_i386.deb ...
Unpacking gnupg (1.4.18-7+deb8u5) ...
Preparing to unpack .../vim-common_2%3a7.4.488-7+deb8u3_i386.deb ...
Unpacking vim-common (2:7.4.488-7+deb8u3) ...
Preparing to unpack .../libffi6_3.1-2+deb8u1_i386.deb ...
Unpacking libffi6:i386 (3.1-2+deb8u1) ...
Preparing to unpack .../whiptail_0.52.17-1+b1_i386.deb ...
Unpacking whiptail (0.52.17-1+b1) ...
Preparing to unpack .../archives/kmod_18-3_i386.deb ...
Unpacking kmod (18-3) ...
Preparing to unpack .../debian-archive-keyring_2017.5~deb8u1_all.deb ...
Unpacking debian-archive-keyring (2017.5~deb8u1) ...
Preparing to unpack .../libicu52_52.1-8+deb8u7_i386.deb ...
Unpacking libicu52:i386 (52.1-8+deb8u7) ...
Preparing to unpack .../libboost-iostreams1.55.0_1.55.0+dfsg-3_i386.deb ...
Unpacking libboost-iostreams1.55.0:i386 (1.55.0+dfsg-3) ...
Preparing to unpack .../cron_3.0pl1-127+deb8u1_i386.deb ...
Unpacking cron (3.0pl1-127+deb8u1) ...
Preparing to unpack .../readline-common_6.3-8_all.deb ...
Unpacking readline-common (6.3-8) ...
Preparing to unpack .../man-db_2.7.0.2-5_i386.deb ...
Unpacking man-db (2.7.0.2-5) ...
Preparing to unpack .../archives/nano_2.2.6-3_i386.deb ...
Unpacking nano (2.2.6-3) ...
Preparing to unpack .../libisc-export95_1%3a9.9.5.dfsg-9+deb8u15_i386.deb ...
Unpacking libisc-export95 (1:9.9.5.dfsg-9+deb8u15) ...
Preparing to unpack .../libapt-inst1.5_1.0.9.8.4_i386.deb ...
Unpacking libapt-inst1.5:i386 (1.0.9.8.4) ...
Preparing to unpack .../libjson-c2_0.11-4_i386.deb ...
Unpacking libjson-c2:i386 (0.11-4) ...
Preparing to unpack .../manpages_3.74-1_all.deb ...
Unpacking manpages (3.74-1) ...
Preparing to unpack .../iputils-ping_3%3a20121221-5+b2_i386.deb ...
Unpacking iputils-ping (3:20121221-5+b2) ...
Preparing to unpack .../isc-dhcp-common_4.3.1-6+deb8u3_i386.deb ...
Unpacking isc-dhcp-common (4.3.1-6+deb8u3) ...
Preparing to unpack .../net-tools_1.60-26+b1_i386.deb ...
Unpacking net-tools (1.60-26+b1) ...
Preparing to unpack .../libsigc++-2.0-0c2a_2.4.0-1_i386.deb ...
Unpacking libsigc++-2.0-0c2a:i386 (2.4.0-1) ...
Preparing to unpack .../libxtables10_1.4.21-2+b1_i386.deb ...
Unpacking libxtables10 (1.4.21-2+b1) ...
Preparing to unpack .../libapt-pkg4.12_1.0.9.8.4_i386.deb ...
Unpacking libapt-pkg4.12:i386 (1.0.9.8.4) ...
Preparing to unpack .../tasksel-data_3.31+deb8u1_all.deb ...
Unpacking tasksel-data (3.31+deb8u1) ...
Preparing to unpack .../iptables_1.4.21-2+b1_i386.deb ...
Unpacking iptables (1.4.21-2+b1) ...
Preparing to unpack .../ifupdown_0.7.53.1_i386.deb ...
Unpacking ifupdown (0.7.53.1) ...
Preparing to unpack .../liblogging-stdlog0_1.0.4-1_i386.deb ...
Unpacking liblogging-stdlog0:i386 (1.0.4-1) ...
Preparing to unpack .../libgnutls-deb0-28_3.3.8-6+deb8u7_i386.deb ...
Unpacking libgnutls-deb0-28:i386 (3.3.8-6+deb8u7) ...
Preparing to unpack .../libirs-export91_1%3a9.9.5.dfsg-9+deb8u15_i386.deb ...
Unpacking libirs-export91 (1:9.9.5.dfsg-9+deb8u15) ...
Preparing to unpack .../iproute2_3.16.0-2_i386.deb ...
Unpacking iproute2 (3.16.0-2) ...
Preparing to unpack .../libpipeline1_1.4.0-1_i386.deb ...
Unpacking libpipeline1:i386 (1.4.0-1) ...
Preparing to unpack .../libidn11_1.29-1+deb8u2_i386.deb ...
Unpacking libidn11:i386 (1.29-1+deb8u2) ...
Preparing to unpack .../init-system-helpers_1.22_all.deb ...
Unpacking init-system-helpers (1.22) ...
Preparing to unpack .../libgdbm3_1.8.3-13.1_i386.deb ...
Unpacking libgdbm3:i386 (1.8.3-13.1) ...
Preparing to unpack .../libnfnetlink0_1.0.1-3_i386.deb ...
Unpacking libnfnetlink0:i386 (1.0.1-3) ...
Preparing to unpack .../libnettle4_2.7.1-5+deb8u2_i386.deb ...
Unpacking libnettle4:i386 (2.7.1-5+deb8u2) ...
Preparing to unpack .../libisccfg-export90_1%3a9.9.5.dfsg-9+deb8u15_i386.deb ...
Unpacking libisccfg-export90 (1:9.9.5.dfsg-9+deb8u15) ...
Preparing to unpack .../libhogweed2_2.7.1-5+deb8u2_i386.deb ...
Unpacking libhogweed2:i386 (2.7.1-5+deb8u2) ...
Preparing to unpack .../groff-base_1.22.2-8_i386.deb ...
Unpacking groff-base (1.22.2-8) ...
Processing triggers for systemd (215-17+deb8u7) ...
Setting up readline-common (6.3-8) ...
Setting up libgdbm3:i386 (1.8.3-13.1) ...
Setting up manpages (3.74-1) ...
Setting up libxtables10 (1.4.21-2+b1) ...
Setting up cpio (2.11+dfsg-4.1+deb8u1) ...
update-alternatives: using /bin/mt-gnu to provide /bin/mt (mt) in auto mode
Setting up libpopt0:i386 (1.16-10) ...
Setting up kmod (18-3) ...
Setting up libestr0 (0.1.9-1.1) ...
Setting up less (458-3) ...
Setting up libssl1.0.0:i386 (1.0.1t-1+deb8u8) ...
Setting up dmidecode (2.12-3) ...
Setting up gpgv (1.4.18-7+deb8u5) ...
Setting up liblogging-stdlog0:i386 (1.0.4-1) ...
Setting up netcat-traditional (1.10-41) ...
update-alternatives: using /bin/nc.traditional to provide /bin/nc (nc) in auto mode
Setting up libpipeline1:i386 (1.4.0-1) ...
Setting up iproute2 (3.16.0-2) ...
Setting up libtasn1-6:i386 (4.2-3+deb8u3) ...
Setting up nano (2.2.6-3) ...
update-alternatives: using /bin/nano to provide /usr/bin/editor (editor) in auto mode
update-alternatives: using /bin/nano to provide /usr/bin/pico (pico) in auto mode
Setting up libgmp10:i386 (2:6.0.0+dfsg-6) ...
Setting up libisc-export95 (1:9.9.5.dfsg-9+deb8u15) ...
Setting up init-system-helpers (1.22) ...
Setting up libnettle4:i386 (2.7.1-5+deb8u2) ...
Setting up debian-archive-keyring (2017.5~deb8u1) ...
Setting up vim-common (2:7.4.488-7+deb8u3) ...
Setting up libnfnetlink0:i386 (1.0.1-3) ...
Setting up libstdc++6:i386 (4.9.2-10+deb8u1) ...
Setting up libffi6:i386 (3.1-2+deb8u1) ...
Setting up libnewt0.52:i386 (0.52.17-1+b1) ...
Setting up bsdmainutils (9.0.6) ...
update-alternatives: using /usr/bin/bsd-write to provide /usr/bin/write (write) in auto mode
update-alternatives: using /usr/bin/bsd-from to provide /usr/bin/from (from) in auto mode
Setting up net-tools (1.60-26+b1) ...
Setting up cron (3.0pl1-127+deb8u1) ...
Adding group `crontab' (GID 107) ...
Done.
update-rc.d: warning: start and stop actions are no longer supported; falling back to defaults
invoke-rc.d: policy-rc.d denied execution of start.
Setting up libmnl0:i386 (1.0.3-5) ...
Setting up libapt-pkg4.12:i386 (1.0.9.8.4) ...
Setting up libusb-0.1-4:i386 (2:0.1.12-25) ...
Setting up traceroute (1:2.0.20-2+b1) ...
update-alternatives: using /usr/bin/traceroute.db to provide /usr/bin/traceroute (traceroute) in auto mode
update-alternatives: using /usr/bin/traceroute6.db to provide /usr/bin/traceroute6 (traceroute6) in auto mode
update-alternatives: using /usr/bin/lft.db to provide /usr/bin/lft (lft) in auto mode
update-alternatives: using /usr/bin/traceproto.db to provide /usr/bin/traceproto (traceproto) in auto mode
update-alternatives: using /usr/sbin/tcptraceroute.db to provide /usr/sbin/tcptraceroute (tcptraceroute) in auto mode
Setting up logrotate (3.8.7-1+b1) ...
Setting up libidn11:i386 (1.29-1+deb8u2) ...
Setting up libreadline6:i386 (6.3-8+b3) ...
Setting up libjson-c2:i386 (0.11-4) ...
Setting up libicu52:i386 (52.1-8+deb8u7) ...
Setting up netbase (5.3) ...
Setting up vim-tiny (2:7.4.488-7+deb8u3) ...
update-alternatives: using /usr/bin/vim.tiny to provide /usr/bin/rview (rview) in auto mode
update-alternatives: using /usr/bin/vim.tiny to provide /usr/bin/vi (vi) in auto mode
update-alternatives: using /usr/bin/vim.tiny to provide /usr/bin/view (view) in auto mode
update-alternatives: using /usr/bin/vim.tiny to provide /usr/bin/ex (ex) in auto mode
Setting up libhogweed2:i386 (2.7.1-5+deb8u2) ...
Setting up ifupdown (0.7.53.1) ...
Creating /etc/network/interfaces.
Setting up libisccfg-export90 (1:9.9.5.dfsg-9+deb8u15) ...
Setting up libsigc++-2.0-0c2a:i386 (2.4.0-1) ...
Setting up groff-base (1.22.2-8) ...
Setting up liblognorm1:i386 (1.0.1-3) ...
Setting up whiptail (0.52.17-1+b1) ...
Setting up gnupg (1.4.18-7+deb8u5) ...
Setting up libpsl0:i386 (0.5.1-1) ...
Setting up libboost-iostreams1.55.0:i386 (1.55.0+dfsg-3) ...
Setting up libdns-export100 (1:9.9.5.dfsg-9+deb8u15) ...
Setting up iptables (1.4.21-2+b1) ...
Setting up libapt-inst1.5:i386 (1.0.9.8.4) ...
Setting up libp11-kit0:i386 (0.20.7-1) ...
Setting up libgnutls-deb0-28:i386 (3.3.8-6+deb8u7) ...
Setting up wget (1.16-1+deb8u5) ...
Setting up apt (1.0.9.8.4) ...
Setting up man-db (2.7.0.2-5) ...
Building database of manual pages ...
Setting up libnetfilter-acct1:i386 (1.0.2-1.1) ...
Setting up rsyslog (8.4.2-1+deb8u2) ...
invoke-rc.d: policy-rc.d denied execution of start.
Setting up nfacct (1.0.1-1.1) ...
Setting up apt-utils (1.0.9.8.4) ...
Setting up libirs-export91 (1:9.9.5.dfsg-9+deb8u15) ...
Setting up libgnutls-openssl27:i386 (3.3.8-6+deb8u7) ...
Setting up iputils-ping (3:20121221-5+b2) ...
Setcap worked! Ping(6) is not suid!
Setting up isc-dhcp-common (4.3.1-6+deb8u3) ...
Setting up isc-dhcp-client (4.3.1-6+deb8u3) ...
Setting up tasksel (3.31+deb8u1) ...
Setting up tasksel-data (3.31+deb8u1) ...
Processing triggers for libc-bin (2.19-18+deb8u10) ...
Processing triggers for systemd (215-17+deb8u7) ...
