Jan  1 00:01:38 CB-9160 cron[395]: (CRON) INFO (pidfile fd = 3)
Jan  1 00:01:38 CB-9160 cron[395]: (CRON) INFO (Running @reboot jobs)
Jan  4 05:17:01 CB-9160 CRON[3190]: (root) CMD (   cd / && run-parts --report /etc/cron.hourly)
Jan  4 05:20:41 CB-9160 cron[16432]: (CRON) INFO (pidfile fd = 3)
Jan  4 05:20:41 CB-9160 cron[16432]: (CRON) INFO (Skipping @reboot jobs -- not system startup)
Jan  4 05:20:43 CB-9160 cron[16568]: (CRON) INFO (pidfile fd = 3)
Jan  4 05:20:43 CB-9160 cron[16568]: (CRON) INFO (Skipping @reboot jobs -- not system startup)
Jan  4 05:25:01 CB-9160 CRON[17291]: (root) CMD (command -v debian-sa1 > /dev/null && debian-sa1 1 1)
Jan  4 05:35:01 CB-9160 CRON[19084]: (root) CMD (command -v debian-sa1 > /dev/null && debian-sa1 1 1)
Jan  4 05:45:01 CB-9160 CRON[20875]: (root) CMD (command -v debian-sa1 > /dev/null && debian-sa1 1 1)
Jan  4 05:55:01 CB-9160 CRON[22665]: (root) CMD (command -v debian-sa1 > /dev/null && debian-sa1 1 1)
Jan  4 06:05:01 CB-9160 CRON[24553]: (root) CMD (command -v debian-sa1 > /dev/null && debian-sa1 1 1)
Jan  4 06:15:01 CB-9160 CRON[26382]: (root) CMD (command -v debian-sa1 > /dev/null && debian-sa1 1 1)
Jan  4 06:17:01 CB-9160 CRON[26834]: (root) CMD (   cd / && run-parts --report /etc/cron.hourly)
Jan  4 06:17:42 CB-9160 CRON[26827]: (CRON) info (No MTA installed, discarding output)
Jan  4 06:25:01 CB-9160 CRON[28310]: (root) CMD (test -x /usr/sbin/anacron || ( cd / && run-parts --report /etc/cron.daily ))
Jan  4 06:25:01 CB-9160 CRON[28314]: (root) CMD (command -v debian-sa1 > /dev/null && debian-sa1 1 1)
Jan  4 06:25:13 CB-9160 CRON[28298]: (CRON) info (No MTA installed, discarding output)
Jan  4 06:35:01 CB-9160 CRON[6994]: (root) CMD (command -v debian-sa1 > /dev/null && debian-sa1 1 1)
Jan  4 06:45:01 CB-9160 CRON[8796]: (root) CMD (command -v debian-sa1 > /dev/null && debian-sa1 1 1)
Jan  4 06:55:01 CB-9160 CRON[10656]: (root) CMD (command -v debian-sa1 > /dev/null && debian-sa1 1 1)
Jan  4 07:05:01 CB-9160 CRON[12567]: (root) CMD (command -v debian-sa1 > /dev/null && debian-sa1 1 1)
Jan  4 07:15:01 CB-9160 CRON[14565]: (root) CMD (command -v debian-sa1 > /dev/null && debian-sa1 1 1)
Jan  4 07:17:01 CB-9160 CRON[15010]: (root) CMD (   cd / && run-parts --report /etc/cron.hourly)
