2010-01-04 05:20:40 <I>cdb: configdb_ro.c:217 "registering db change notification callback"
2010-01-04 05:20:40 <I>main: cfgdb2stack.c:74 "this is cfgdb2stack (version 1.1-beta-USDoT-QualcommCCA)"
2010-01-04 05:20:40 <I>main: cfgdb2stack.c:77 "starting up libraries"
2010-01-04 05:20:40 <I>main: gps2db.c:832 "GPS2DB: get GPGGA update interval 18000 seconds"
2010-01-04 05:20:40 <I>main: gps2db.c:855 "GPS2DB: get GPGGA trap interval 18000 seconds"
2010-01-04 05:20:41 <E>main: gps2db.c:361 "GPS2DB: system:/mnt/c3platpersistent/etc/init.d/snmpd restart rc = 0 errno = 2:No such file or directory"
2010-01-04 05:20:41 <I>main: gps2db.c:108 "GPS2DB: mode changed from Unknown to Unknown"
2010-01-04 05:20:41 <I>main: gps2db.c:913 "GPS2DB: initialized"
2010-01-04 05:20:41 <I>main: gps2db.c:947 "GPS2DB: GPS device is /dev/ttyGNSS"
2010-01-04 05:20:41 <I>main: wsmp_tx.c:60 "init stack: -2"
2010-01-04 05:20:41 <I>main: wsmp_tx.c:65 "setting position: 0"
2010-01-04 05:20:41 <I>main: wsmp_tx.c:68 "starting stack: 0"
2010-01-04 05:20:41 <E>main: gps2db.c:133 "GPS2DB: gps_open returned -6:can't connect to host/port pair"
2010-01-04 05:20:41 <I>main: wsmp_rx.c:313 "WSMP Rx: Init stack: -2"
2010-01-04 05:20:41 <I>main: wsmp_rx.c:318 "WSMP Rx: Setting position: 0"
2010-01-04 05:20:41 <I>main: wsmp_rx.c:321 "WSMP Rx: Starting stack: 0"
2010-01-04 05:20:41 <I>main: db_module.c:23 "setting up database"
2010-01-04 05:20:41 <I>main: db_module.c:26 "reading current state"
2010-01-04 05:20:41 <I>main: mod_wsmp.c:84 "disabling all TX messages before update"
2010-01-04 05:20:41 <I>main: mod_wsmp.c:86 "disabling all RX messages before update"
2010-01-04 05:20:41 <I>main: mod_wsmp.c:94 "rsuMode is 0"
2010-01-04 05:20:41 <I>main: db_module.c:30 "adding DB update handlers"
2010-01-04 05:59:54 <I>cdb: configdb_ro.c:217 "registering db change notification callback"
2010-01-04 05:59:54 <I>main: cfgdb2stack.c:74 "this is cfgdb2stack (version 1.1-beta-USDoT-QualcommCCA)"
2010-01-04 05:59:54 <I>main: cfgdb2stack.c:77 "starting up libraries"
2010-01-04 05:59:54 <I>main: gps2db.c:832 "GPS2DB: get GPGGA update interval 18000 seconds"
2010-01-04 05:59:54 <I>main: gps2db.c:855 "GPS2DB: get GPGGA trap interval 18000 seconds"
2010-01-04 05:59:54 <E>main: gps2db.c:361 "GPS2DB: system:/mnt/c3platpersistent/etc/init.d/snmpd restart rc = 0 errno = 2:No such file or directory"
2010-01-04 05:59:54 <I>main: gps2db.c:108 "GPS2DB: mode changed from Unknown to Unknown"
2010-01-04 05:59:54 <I>main: gps2db.c:913 "GPS2DB: initialized"
2010-01-04 05:59:54 <I>main: gps2db.c:947 "GPS2DB: GPS device is /dev/ttyGNSS"
2010-01-04 05:59:54 <E>main: gps2db.c:133 "GPS2DB: gps_open returned -6:can't connect to host/port pair"
2010-01-04 05:59:54 <I>main: wsmp_tx.c:60 "init stack: -2"
2010-01-04 05:59:54 <I>main: wsmp_tx.c:65 "setting position: 0"
2010-01-04 05:59:54 <I>main: wsmp_tx.c:68 "starting stack: 0"
2010-01-04 05:59:54 <I>main: wsmp_rx.c:313 "WSMP Rx: Init stack: -2"
2010-01-04 05:59:54 <I>main: wsmp_rx.c:318 "WSMP Rx: Setting position: 0"
2010-01-04 05:59:54 <I>main: wsmp_rx.c:321 "WSMP Rx: Starting stack: 0"
2010-01-04 05:59:54 <I>main: db_module.c:23 "setting up database"
2010-01-04 05:59:54 <I>main: db_module.c:26 "reading current state"
2010-01-04 05:59:54 <I>main: mod_wsmp.c:84 "disabling all TX messages before update"
2010-01-04 05:59:54 <I>main: mod_wsmp.c:86 "disabling all RX messages before update"
2010-01-04 05:59:54 <I>main: mod_wsmp.c:94 "rsuMode is 0"
2010-01-04 05:59:54 <I>main: db_module.c:30 "adding DB update handlers"
2010-01-04 06:01:03 <I>main: db_module.c:44 "removing DB update handlers"
2010-01-04 06:01:03 <I>main: db_module.c:48 "closing down DB"
2010-01-04 06:01:03 <I>main: mod_wsmp.c:21 "closing down all TX messages"
2010-01-04 06:01:03 <I>main: mod_wsmp.c:23 "closing down all RX messages"
2010-01-04 06:01:04 <I>main: wsmp_tx.c:84 "shuting down message threads"
2010-01-04 06:01:04 <I>main: wsmp_rx.c:337 "WSMP Rx: Shutting down forwarder threads"
2010-01-04 06:01:04 <D>main: finalize.c:33 "received signal 2, shuting down"
