+ set -x
+ . /mnt/c3platpersistent/share/startup/common.sh
+++ basename /mnt/c3platpersistent/etc/startup.d//009_reset_radios.sh
++ APP_SCR=009_reset_radios.sh
+++ readlink -f /mnt/c3platpersistent/etc/startup.d//009_reset_radios.sh
++ ACT_DIR=/mnt/c3platpersistent/etc/startup.d/009_reset_radios.sh
+++ dirname /mnt/c3platpersistent/etc/startup.d/009_reset_radios.sh
++ ABS_PATH=/mnt/c3platpersistent/etc/startup.d
++ LED_STARTUP_PID=/var/run/flash_pid.startup
++ [[ -n /mnt/c3platpersistent ]]
++ [[ -z USDoT-QualcommCCA ]]
++ source /mnt/c3platpersistent/etc/roadside.cfg
+++ [[ false == false ]]
+++ [[ USDoT-QualcommCCA == ITSG5-HWEngland ]]
+++ export ROADSIDE_IPTABLES_ENABLED=false
+++ ROADSIDE_IPTABLES_ENABLED=false
+++ export CERTPATH=/mnt/c3platpersistent/share/its-g5-security-certs/
+++ CERTPATH=/mnt/c3platpersistent/share/its-g5-security-certs/
+ '[' xstart = xstart ']'
+ logger '009_reset_radios.sh -I- resetting radios on startup, might have been a reboot'
+ echo out
+ echo out
+ echo 0
+ echo 0
+ sleep 0.1
+ '[' xUSDoT-QualcommCCA = xUSDoT-QualcommRR -o xUSDoT-QualcommCCA = xUSDoT-QualcommCCA ']'
+ logger '009_reset_radios.sh -I- Keep NXP radios in reset, Done.'
+ exit 0
