+ set -x
+ . /mnt/c3platpersistent/share/startup/common.sh
+++ basename /mnt/c3platpersistent/etc/startup.d//011_remove_unused_driver.sh
++ APP_SCR=011_remove_unused_driver.sh
+++ readlink -f /mnt/c3platpersistent/etc/startup.d//011_remove_unused_driver.sh
++ ACT_DIR=/mnt/c3platpersistent/etc/startup.d/011_remove_unused_driver.sh
+++ dirname /mnt/c3platpersistent/etc/startup.d/011_remove_unused_driver.sh
++ ABS_PATH=/mnt/c3platpersistent/etc/startup.d
++ LED_STARTUP_PID=/var/run/flash_pid.startup
++ [[ -n /mnt/c3platpersistent ]]
++ [[ -z USDoT-QualcommCCA ]]
++ source /mnt/c3platpersistent/etc/roadside.cfg
+++ [[ false == false ]]
+++ [[ USDoT-QualcommCCA == ITSG5-HWEngland ]]
+++ export ROADSIDE_IPTABLES_ENABLED=false
+++ ROADSIDE_IPTABLES_ENABLED=false
+++ export CERTPATH=/mnt/c3platpersistent/share/its-g5-security-certs/
+++ CERTPATH=/mnt/c3platpersistent/share/its-g5-security-certs/
+ '[' xstart = xstart ']'
+ logger '011_remove_unused_driver.sh -I- unloading NXP ko file'
+ rmmod cw-llc
rmmod: ERROR: Module cw_llc is not currently loaded
