+ set -x
+ . /mnt/c3platpersistent/share/startup/common.sh
+++ basename /mnt/c3platpersistent/etc/startup.d//070_setup_kapsch_bash.sh
++ APP_SCR=070_setup_kapsch_bash.sh
+++ readlink -f /mnt/c3platpersistent/etc/startup.d//070_setup_kapsch_bash.sh
++ ACT_DIR=/mnt/c3platpersistent/etc/startup.d/070_setup_kapsch_bash.sh
+++ dirname /mnt/c3platpersistent/etc/startup.d/070_setup_kapsch_bash.sh
++ ABS_PATH=/mnt/c3platpersistent/etc/startup.d
++ LED_STARTUP_PID=/var/run/flash_pid.startup
++ [[ -n /mnt/c3platpersistent ]]
++ [[ -z USDoT-QualcommCCA ]]
++ source /mnt/c3platpersistent/etc/roadside.cfg
+++ [[ false == false ]]
+++ [[ USDoT-QualcommCCA == ITSG5-HWEngland ]]
+++ export ROADSIDE_IPTABLES_ENABLED=false
+++ ROADSIDE_IPTABLES_ENABLED=false
+++ export CERTPATH=/mnt/c3platpersistent/share/its-g5-security-certs/
+++ CERTPATH=/mnt/c3platpersistent/share/its-g5-security-certs/
+ LOGROTATE=/etc/logrotate.conf
+ '[' start = start ']'
+ logger '070_setup_kapsch_bash.sh -I- Start ---'
+ BASHRC=/home/kapsch/.bashrc
+ BASH_ALIASES=/home/kapsch/.bash_aliases
+ extend_bashrc
+ cat
+ cat
++ cat /mnt/c3platpersistent/etc/issue
++ head -n 1
+ cat
+ extend_bash_alias
+ cat
+ BASHRC=/root/.bashrc
+ BASH_ALIASES=/root/.bash_aliases
+ extend_bashrc
+ cat
+ cat
++ cat /mnt/c3platpersistent/etc/issue
++ head -n 1
+ cat
+ extend_bash_alias
+ cat
+ echo '%sudo ALL=(root) NOPASSWD: /usr/sbin/tcpdump'
+ echo '%sudo ALL=(root) NOPASSWD: /sbin/ifconfig'
+ '[' -e /etc/logrotate.conf ']'
+ extend_logrotate
+ cat
+ logger '070_setup_kapsch_bash.sh -I- Done ---'
