+ set -x
+ . /mnt/c3platpersistent/share/startup/common.sh
+++ basename /mnt/c3platpersistent/etc/startup.d//897_wait_cca_ready_flash.sh
++ APP_SCR=897_wait_cca_ready_flash.sh
+++ readlink -f /mnt/c3platpersistent/etc/startup.d//897_wait_cca_ready_flash.sh
++ ACT_DIR=/mnt/c3platpersistent/etc/startup.d/897_wait_cca_ready_flash.sh
+++ dirname /mnt/c3platpersistent/etc/startup.d/897_wait_cca_ready_flash.sh
++ ABS_PATH=/mnt/c3platpersistent/etc/startup.d
++ LED_STARTUP_PID=/var/run/flash_pid.startup
++ [[ -n /mnt/c3platpersistent ]]
++ [[ -z USDoT-QualcommCCA ]]
++ source /mnt/c3platpersistent/etc/roadside.cfg
+++ [[ false == false ]]
+++ [[ USDoT-QualcommCCA == ITSG5-HWEngland ]]
+++ export ROADSIDE_IPTABLES_ENABLED=false
+++ ROADSIDE_IPTABLES_ENABLED=false
+++ export CERTPATH=/mnt/c3platpersistent/share/its-g5-security-certs/
+++ CERTPATH=/mnt/c3platpersistent/share/its-g5-security-certs/
+ LED_PID=/var/run/wait_cca_flash_pid.startup
+ '[' xstart = xstart ']'
+ kill_led_startup
+ PIDFILE=/var/run/flash_pid.startup
+ [[ -n '' ]]
+ '[' -e /var/run/flash_pid.startup ']'
+ logger '897_wait_cca_ready_flash.sh -D- Stop LED flash  ---'
++ cat /var/run/flash_pid.startup
+ kill -9 1092
+ rm /var/run/flash_pid.startup
+ '[' xUSDoT-QualcommCCA = xUSDoT-QualcommRR -o xUSDoT-QualcommCCA = xUSDoT-QualcommCCA ']'
+ echo 1589
