+ . /mnt/c3platpersistent/share/startup/common.sh
++ source /etc/os-release
+++ PRETTY_NAME='Debian GNU/Linux 9 (stretch)'
+++ NAME='Debian GNU/Linux'
+++ VERSION_ID=9
+++ VERSION='9 (stretch)'
+++ VERSION_CODENAME=stretch
+++ ID=debian
+++ HOME_URL=https://www.debian.org/
+++ SUPPORT_URL=https://www.debian.org/support
+++ BUG_REPORT_URL=https://bugs.debian.org/
++ export DEBIAN_VERSION=9
++ DEBIAN_VERSION=9
++ export LD_LIBRARY_PATH=/mnt/c3platpersistent/lib/deb9:/mnt/c3platpersistent/lib
++ LD_LIBRARY_PATH=/mnt/c3platpersistent/lib/deb9:/mnt/c3platpersistent/lib
+++ basename -- /mnt/c3platpersistent/etc/startup.d//014_load_mcp2210_driver.sh
++ APP_SCR=014_load_mcp2210_driver.sh
+++ readlink -f -- /mnt/c3platpersistent/etc/startup.d//014_load_mcp2210_driver.sh
++ ACT_DIR=/mnt/c3platpersistent/etc/startup.d/014_load_mcp2210_driver.sh
+++ dirname /mnt/c3platpersistent/etc/startup.d/014_load_mcp2210_driver.sh
++ ABS_PATH=/mnt/c3platpersistent/etc/startup.d
++ ENABLE_LED_HANDLER=false
++ LED_STARTUP_PID=/var/run/flash_pid.startup
++ LED_HANDLER_IP=127.0.0.1
++ LED_HANDLER_PORT=6001
++ LED_HANDLER_AIRLINK_STATISTICS=tx
++ ETH_IF=eth0
++ [[ -n /mnt/c3platpersistent ]]
+++ cat /mnt/c3platpersistent/etc/issue
+++ head -n 1
++ export VARIANTRS=USDoT-NAStack
++ VARIANTRS=USDoT-NAStack
++ export WATCHDOG_SCRIPTS_PATH=/var/run/supervision/scripts
++ WATCHDOG_SCRIPTS_PATH=/var/run/supervision/scripts
++ mkdir -p /var/run/supervision/scripts
++ [[ false == false ]]
++ export ROADSIDE_IPTABLES_ENABLED=true
++ ROADSIDE_IPTABLES_ENABLED=true
++ export CERTPATH=/mnt/c3platpersistent/share/its-g5-security-certs/
++ CERTPATH=/mnt/c3platpersistent/share/its-g5-security-certs/
++ export GPSD_DEBUG=0
++ GPSD_DEBUG=0
++ export GPSD_OPTS=
++ GPSD_OPTS=
++ [[ 9 == 9 ]]
++ export PPSDEVICE=/dev/pps1
++ PPSDEVICE=/dev/pps1
++ export GPSD_CYCLE_TIME=1.0
++ GPSD_CYCLE_TIME=1.0
++ [[ USDoT-NAStack =~ .*CCA.* ]]
++ [[ USDoT-NAStack =~ USDoT-QualcommRR ]]
++ export ENABLED_RADIOS=:NXP:
++ ENABLED_RADIOS=:NXP:
++ [[ -e /etc/eeprom-cb/a.dualradio.mode ]]
++ [[ -e /mnt/c3platpersistent/etc/roadside.cfg ]]
++ source /mnt/c3platpersistent/etc/roadside.cfg
+++ export AEROLINK_BASE=/mnt/c3platpersistent/etc/aerolink/ieee
+++ AEROLINK_BASE=/mnt/c3platpersistent/etc/aerolink/ieee
+++ export AEROLINK_CONFIG_DIR=/mnt/c3platpersistent/etc/aerolink/ieee/config/
+++ AEROLINK_CONFIG_DIR=/mnt/c3platpersistent/etc/aerolink/ieee/config/
+++ export AEROLINK_STATE_DIR=/mnt/c3platpersistent/etc/aerolink/ieee/state/
+++ AEROLINK_STATE_DIR=/mnt/c3platpersistent/etc/aerolink/ieee/state/
+++ export INIT_TARGET=./share/urb/cfgdb2stack.usdot.urb
+++ INIT_TARGET=./share/urb/cfgdb2stack.usdot.urb
++ uname -r
+ UNAME_R=4.9.124-ris-152.29
+ DRIVER=/mnt/c3platpersistent/opt/mcp2210/modules/mcp2210.ko
+ UDEV_RULE=/etc/udev/rules.d/99_mcp2210.rules
+ REBIND_SYSFS_DRIVER_SERVICE=/usr/local/sbin/rebind_sysfs_driver.sh
+ MCP2210_SPIBRIDGE=/dev/usb2spi_bridge0
+ MCP2210_SPISLAVE=/dev/spidev32766.1
+ MCP2210_DEVICES=()
+ MCP2210_UTILS=/mnt/c3platpersistent/opt/mcp2210/tools/
+ EEPROM_KEY_SET0_FILE=/etc/eeprom-cb/p.sxf1800.scp03.keyset0
+ CURRENT_KEYSET0=./v2xscppalutil.bin
+ NEW_KEYSET0=./keyset0.txt
+ vid=04d8
+ pid=00de
+ '[' xstart = xstart ']'
+ logger '014_load_mcp2210_driver.sh -D- executing ---'
+ grep mcp2210
+ lsmod
+ get_mcp2210_devices
+ pushd /sys/bus/usb/devices
/sys/bus/usb/devices /
++ for f in *
++ grep -i 04d8 1-0:1.0/idVendor
++ for f in *
++ grep -i 04d8 1-1/idVendor
++ for f in *
++ grep -i 04d8 1-1:1.0/idVendor
++ for f in *
++ grep -i 04d8 1-4/idVendor
++ for f in *
++ grep -i 04d8 1-4.1/idVendor
++ for f in *
++ grep -i 04d8 1-4:1.0/idVendor
++ for f in *
++ grep -i 04d8 1-4.1:1.0/idVendor
++ for f in *
++ grep -i 04d8 1-4.1:1.1/idVendor
++ for f in *
++ grep -i 04d8 2-0:1.0/idVendor
++ for f in *
++ grep -i 04d8 usb1/idVendor
++ for f in *
++ grep -i 04d8 usb2/idVendor
+ MCP2210_DEVICES=
+ popd
/
+ [[ -z '' ]]
+ logger '014_load_mcp2210_driver.sh -I- No MCP2210 device found'
+ exit 0
