update-alternatives 2019-11-20 12:15:50: run with --quiet --install /usr/bin/awk awk /usr/bin/mawk 5 --slave /usr/share/man/man1/awk.1.gz awk.1.gz /usr/share/man/man1/mawk.1.gz --slave /usr/bin/nawk nawk /usr/bin/mawk --slave /usr/share/man/man1/nawk.1.gz nawk.1.gz /usr/share/man/man1/mawk.1.gz
update-alternatives 2019-11-20 12:15:50: link group awk updated to point to /usr/bin/mawk
update-alternatives 2019-11-20 12:16:23: run with --quiet --install /usr/bin/awk awk /usr/bin/mawk 5 --slave /usr/share/man/man1/awk.1.gz awk.1.gz /usr/share/man/man1/mawk.1.gz --slave /usr/bin/nawk nawk /usr/bin/mawk --slave /usr/share/man/man1/nawk.1.gz nawk.1.gz /usr/share/man/man1/mawk.1.gz
update-alternatives 2019-11-20 12:16:25: run with --install /usr/sbin/rmt rmt /usr/sbin/rmt-tar 50 --slave /usr/share/man/man8/rmt.8.gz rmt.8.gz /usr/share/man/man8/rmt-tar.8.gz
update-alternatives 2019-11-20 12:16:25: link group rmt updated to point to /usr/sbin/rmt-tar
update-alternatives 2019-11-20 12:16:27: run with --install /usr/share/man/man7/builtins.7.gz builtins.7.gz /usr/share/man/man7/bash-builtins.7.gz 10
update-alternatives 2019-11-20 12:16:27: link group builtins.7.gz updated to point to /usr/share/man/man7/bash-builtins.7.gz
update-alternatives 2019-11-20 12:16:29: run with --install /usr/bin/pager pager /bin/more 50 --slave /usr/share/man/man1/pager.1.gz pager.1.gz /usr/share/man/man1/more.1.gz
update-alternatives 2019-11-20 12:16:29: link group pager updated to point to /bin/more
update-alternatives 2019-11-20 12:16:29: run with --install /usr/bin/pager pager /usr/bin/pg 10 --slave /usr/share/man/man1/pager.1.gz pager.1.gz /usr/share/man/man1/pg.1.gz
update-alternatives 2019-11-20 12:17:10: run with --install /usr/bin/w w /usr/bin/w.procps 50 --slave /usr/share/man/man1/w.1.gz w.1.gz /usr/share/man/man1/w.procps.1.gz
update-alternatives 2019-11-20 12:17:10: link group w updated to point to /usr/bin/w.procps
update-alternatives 2019-11-20 12:18:02: run with --install /bin/mt mt /bin/mt-gnu 10 --slave /usr/share/man/man1/mt.1.gz mt.1.gz /usr/share/man/man1/mt-gnu.1.gz
update-alternatives 2019-11-20 12:18:02: link group mt updated to point to /bin/mt-gnu
update-alternatives 2019-11-20 12:18:04: run with --install /usr/bin/editor editor /bin/nano 40 --slave /usr/share/man/man1/editor.1.gz editor.1.gz /usr/share/man/man1/nano.1.gz
update-alternatives 2019-11-20 12:18:04: link group editor updated to point to /bin/nano
update-alternatives 2019-11-20 12:18:04: run with --install /usr/bin/pico pico /bin/nano 10 --slave /usr/share/man/man1/pico.1.gz pico.1.gz /usr/share/man/man1/nano.1.gz
update-alternatives 2019-11-20 12:18:04: link group pico updated to point to /bin/nano
update-alternatives 2019-11-20 12:18:07: run with --install /usr/bin/write write /usr/bin/bsd-write 100 --slave /usr/share/man/man1/write.1.gz write.1.gz /usr/share/man/man1/bsd-write.1.gz
update-alternatives 2019-11-20 12:18:07: link group write updated to point to /usr/bin/bsd-write
update-alternatives 2019-11-20 12:18:07: run with --install /usr/bin/from from /usr/bin/bsd-from 10 --slave /usr/share/man/man1/from.1.gz from.1.gz /usr/share/man/man1/bsd-from.1.gz
update-alternatives 2019-11-20 12:18:07: link group from updated to point to /usr/bin/bsd-from
update-alternatives 2019-11-20 12:18:09: run with --install /usr/bin/rview rview /usr/bin/vim.tiny 15
update-alternatives 2019-11-20 12:18:09: link group rview updated to point to /usr/bin/vim.tiny
update-alternatives 2019-11-20 12:18:09: run with --install /usr/bin/vi vi /usr/bin/vim.tiny 15 --slave /usr/share/man/fr/man1/vi.1.gz vi.fr.1.gz /usr/share/man/fr/man1/vim.1.gz --slave /usr/share/man/it/man1/vi.1.gz vi.it.1.gz /usr/share/man/it/man1/vim.1.gz --slave /usr/share/man/pl/man1/vi.1.gz vi.pl.1.gz /usr/share/man/pl/man1/vim.1.gz --slave /usr/share/man/ru/man1/vi.1.gz vi.ru.1.gz /usr/share/man/ru/man1/vim.1.gz --slave /usr/share/man/ja/man1/vi.1.gz vi.ja.1.gz /usr/share/man/ja/man1/vim.1.gz --slave /usr/share/man/man1/vi.1.gz vi.1.gz /usr/share/man/man1/vim.1.gz
update-alternatives 2019-11-20 12:18:09: link group vi updated to point to /usr/bin/vim.tiny
update-alternatives 2019-11-20 12:18:09: run with --install /usr/bin/view view /usr/bin/vim.tiny 15 --slave /usr/share/man/fr/man1/view.1.gz view.fr.1.gz /usr/share/man/fr/man1/vim.1.gz --slave /usr/share/man/it/man1/view.1.gz view.it.1.gz /usr/share/man/it/man1/vim.1.gz --slave /usr/share/man/pl/man1/view.1.gz view.pl.1.gz /usr/share/man/pl/man1/vim.1.gz --slave /usr/share/man/ru/man1/view.1.gz view.ru.1.gz /usr/share/man/ru/man1/vim.1.gz --slave /usr/share/man/ja/man1/view.1.gz view.ja.1.gz /usr/share/man/ja/man1/vim.1.gz --slave /usr/share/man/man1/view.1.gz view.1.gz /usr/share/man/man1/vim.1.gz
update-alternatives 2019-11-20 12:18:09: link group view updated to point to /usr/bin/vim.tiny
update-alternatives 2019-11-20 12:18:09: run with --install /usr/bin/ex ex /usr/bin/vim.tiny 15 --slave /usr/share/man/fr/man1/ex.1.gz ex.fr.1.gz /usr/share/man/fr/man1/vim.1.gz --slave /usr/share/man/it/man1/ex.1.gz ex.it.1.gz /usr/share/man/it/man1/vim.1.gz --slave /usr/share/man/pl/man1/ex.1.gz ex.pl.1.gz /usr/share/man/pl/man1/vim.1.gz --slave /usr/share/man/ru/man1/ex.1.gz ex.ru.1.gz /usr/share/man/ru/man1/vim.1.gz --slave /usr/share/man/ja/man1/ex.1.gz ex.ja.1.gz /usr/share/man/ja/man1/vim.1.gz --slave /usr/share/man/man1/ex.1.gz ex.1.gz /usr/share/man/man1/vim.1.gz
update-alternatives 2019-11-20 12:18:09: link group ex updated to point to /usr/bin/vim.tiny
update-alternatives 2019-11-20 12:18:09: run with --install /usr/bin/editor editor /usr/bin/vim.tiny 15 --slave /usr/share/man/fr/man1/editor.1.gz editor.fr.1.gz /usr/share/man/fr/man1/vim.1.gz --slave /usr/share/man/it/man1/editor.1.gz editor.it.1.gz /usr/share/man/it/man1/vim.1.gz --slave /usr/share/man/pl/man1/editor.1.gz editor.pl.1.gz /usr/share/man/pl/man1/vim.1.gz --slave /usr/share/man/ru/man1/editor.1.gz editor.ru.1.gz /usr/share/man/ru/man1/vim.1.gz --slave /usr/share/man/ja/man1/editor.1.gz editor.ja.1.gz /usr/share/man/ja/man1/vim.1.gz --slave /usr/share/man/man1/editor.1.gz editor.1.gz /usr/share/man/man1/vim.1.gz
update-alternatives 2019-11-20 12:18:12: run with --quiet --install /usr/bin/pinentry pinentry /usr/bin/pinentry-curses 50 --slave /usr/share/man/man1/pinentry.1.gz pinentry.1.gz /usr/share/man/man1/pinentry-curses.1.gz
update-alternatives 2019-11-20 12:18:12: link group pinentry updated to point to /usr/bin/pinentry-curses
update-alternatives 2019-11-20 12:20:27: run with --quiet --install /usr/bin/pager pager /bin/less 77 --slave /usr/share/man/man1/pager.1.gz pager.1.gz /usr/share/man/man1/less.1.gz
update-alternatives 2019-11-20 12:20:27: link group pager updated to point to /bin/less
update-alternatives 2019-11-20 12:20:27: run with --quiet --remove pager /usr/bin/less
update-alternatives 2019-11-20 12:20:27: run with --quiet --install /usr/bin/pager pager /bin/less 77 --slave /usr/share/man/man1/pager.1.gz pager.1.gz /usr/share/man/man1/less.1.gz
update-alternatives 2019-11-20 12:20:27: run with --quiet --remove pager /usr/bin/less
update-alternatives 2019-11-20 12:20:36: run with --install /bin/nc nc /bin/nc.traditional 10 --slave /bin/netcat netcat /bin/nc.traditional --slave /usr/share/man/man1/nc.1.gz nc.1.gz /usr/share/man/man1/nc.traditional.1.gz --slave /usr/share/man/man1/netcat.1.gz netcat.1.gz /usr/share/man/man1/nc.traditional.1.gz
update-alternatives 2019-11-20 12:20:36: link group nc updated to point to /bin/nc.traditional
update-alternatives 2019-11-20 12:20:37: run with --quiet --install /usr/bin/awk awk /usr/bin/gawk 10 --slave /usr/share/man/man1/awk.1.gz awk.1.gz /usr/share/man/man1/gawk.1.gz --slave /usr/bin/nawk nawk /usr/bin/gawk --slave /usr/share/man/man1/nawk.1.gz nawk.1.gz /usr/share/man/man1/gawk.1.gz
update-alternatives 2019-11-20 12:20:37: link group awk updated to point to /usr/bin/gawk
update-alternatives 2019-11-20 12:20:39: run with --install /usr/bin/rename rename /usr/bin/prename 60 --slave /usr/share/man/man1/rename.1.gz rename.1.gz /usr/share/man/man1/prename.1.gz
update-alternatives 2019-11-20 12:20:39: link group rename updated to point to /usr/bin/prename
update-alternatives 2019-11-20 12:20:39: run with --install /usr/lib/libblas.so.3 libblas.so.3 /usr/lib/libblas/libblas.so.3 10
update-alternatives 2019-11-20 12:20:39: link group libblas.so.3 updated to point to /usr/lib/libblas/libblas.so.3
update-alternatives 2019-11-20 12:20:40: run with --install /usr/bin/lzma lzma /usr/bin/xz 20 --slave /usr/share/man/man1/lzma.1.gz lzma.1.gz /usr/share/man/man1/xz.1.gz --slave /usr/bin/unlzma unlzma /usr/bin/unxz --slave /usr/share/man/man1/unlzma.1.gz unlzma.1.gz /usr/share/man/man1/unxz.1.gz --slave /usr/bin/lzcat lzcat /usr/bin/xzcat --slave /usr/share/man/man1/lzcat.1.gz lzcat.1.gz /usr/share/man/man1/xzcat.1.gz --slave /usr/bin/lzmore lzmore /usr/bin/xzmore --slave /usr/share/man/man1/lzmore.1.gz lzmore.1.gz /usr/share/man/man1/xzmore.1.gz --slave /usr/bin/lzless lzless /usr/bin/xzless --slave /usr/share/man/man1/lzless.1.gz lzless.1.gz /usr/share/man/man1/xzless.1.gz --slave /usr/bin/lzdiff lzdiff /usr/bin/xzdiff --slave /usr/share/man/man1/lzdiff.1.gz lzdiff.1.gz /usr/share/man/man1/xzdiff.1.gz --slave /usr/bin/lzcmp lzcmp /usr/bin/xzcmp --slave /usr/share/man/man1/lzcmp.1.gz lzcmp.1.gz /usr/share/man/man1/xzcmp.1.gz --slave /usr/bin/lzgrep lzgrep /usr/bin/xzgrep --slave /usr/share/man/man1/lzgrep.1.gz lzgrep.1.gz /usr/share/man/man1/xzgrep.1.gz --slave /usr/bin/lzegrep lzegrep /usr/bin/xzegrep --slave /usr/share/man/man1/lzegrep.1.gz lzegrep.1.gz /usr/share/man/man1/xzegrep.1.gz --slave /usr/bin/lzfgrep lzfgrep /usr/bin/xzfgrep --slave /usr/share/man/man1/lzfgrep.1.gz lzfgrep.1.gz /usr/share/man/man1/xzfgrep.1.gz
update-alternatives 2019-11-20 12:20:40: link group lzma updated to point to /usr/bin/xz
update-alternatives 2019-11-20 12:20:40: run with --install /usr/bin/telnet telnet /usr/bin/telnet.netkit 100 --slave /usr/share/man/man1/telnet.1.gz telnet.1.gz /usr/share/man/man1/telnet.netkit.1.gz
update-alternatives 2019-11-20 12:20:40: link group telnet updated to point to /usr/bin/telnet.netkit
update-alternatives 2019-11-20 12:20:43: run with --install /usr/bin/view view /usr/bin/mcview 25 --slave /usr/share/man/man1/view.1.gz view.1.gz /usr/share/man/man1/mcview.1.gz
update-alternatives 2019-11-20 12:20:43: link group view updated to point to /usr/bin/mcview
update-alternatives 2019-11-20 12:20:43: run with --install /usr/bin/editor editor /usr/bin/mcedit 25 --slave /usr/share/man/man1/editor.1.gz editor.1.gz /usr/share/man/man1/mcedit.1.gz
update-alternatives 2019-11-20 12:21:22: run with --install /usr/bin/sar sar /usr/bin/sar.sysstat 0 --slave /usr/share/man/man1/sar.1.gz sar.1.gz /usr/share/man/man1/sar.sysstat.1.gz
update-alternatives 2019-11-20 12:21:22: link group sar updated to point to /usr/bin/sar.sysstat
update-alternatives 2019-11-20 12:21:26: run with --install /usr/lib/liblapack.so.3 liblapack.so.3 /usr/lib/lapack/liblapack.so.3 10
update-alternatives 2019-11-20 12:21:26: link group liblapack.so.3 updated to point to /usr/lib/lapack/liblapack.so.3
update-alternatives 2019-11-20 12:21:51: run with --quiet --install /usr/bin/rsh rsh /usr/bin/ssh 20 --slave /usr/share/man/man1/rsh.1.gz rsh.1.gz /usr/share/man/man1/ssh.1.gz
update-alternatives 2019-11-20 12:21:51: link group rsh updated to point to /usr/bin/ssh
update-alternatives 2019-11-20 12:21:51: run with --quiet --install /usr/bin/rlogin rlogin /usr/bin/slogin 20 --slave /usr/share/man/man1/rlogin.1.gz rlogin.1.gz /usr/share/man/man1/slogin.1.gz
update-alternatives 2019-11-20 12:21:51: link group rlogin updated to point to /usr/bin/slogin
update-alternatives 2019-11-20 12:21:51: run with --quiet --install /usr/bin/rcp rcp /usr/bin/scp 20 --slave /usr/share/man/man1/rcp.1.gz rcp.1.gz /usr/share/man/man1/scp.1.gz
update-alternatives 2019-11-20 12:21:51: link group rcp updated to point to /usr/bin/scp
update-alternatives 2019-11-20 12:21:58: run with --install /usr/share/icons/gnome/scalable/places/start-here.svg start-here.svg /usr/share/icons/gnome/scalable/places/debian-swirl.svg 30 --slave /usr/share/icons/gnome/16x16/places/start-here.png start-here-16.png /usr/share/icons/gnome/16x16/places/debian-swirl.png --slave /usr/share/icons/gnome/22x22/places/start-here.png start-here-22.png /usr/share/icons/gnome/22x22/places/debian-swirl.png --slave /usr/share/icons/gnome/24x24/places/start-here.png start-here-24.png /usr/share/icons/gnome/24x24/places/debian-swirl.png --slave /usr/share/icons/gnome/256x256/places/start-here.png start-here-256.png /usr/share/icons/gnome/256x256/places/debian-swirl.png --slave /usr/share/icons/gnome/32x32/places/start-here.png start-here-32.png /usr/share/icons/gnome/32x32/places/debian-swirl.png --slave /usr/share/icons/gnome/48x48/places/start-here.png start-here-48.png /usr/share/icons/gnome/48x48/places/debian-swirl.png
update-alternatives 2019-11-20 12:21:58: link group start-here.svg updated to point to /usr/share/icons/gnome/scalable/places/debian-swirl.svg
update-alternatives 2019-11-20 12:21:58: run with --install /usr/share/icons/gnome/scalable/places/start-here.svg start-here.svg /usr/share/icons/gnome/scalable/places/gnome-foot.svg 20 --slave /usr/share/icons/gnome/16x16/places/start-here.png start-here-16.png /usr/share/icons/gnome/16x16/places/gnome-foot.png --slave /usr/share/icons/gnome/22x22/places/start-here.png start-here-22.png /usr/share/icons/gnome/22x22/places/gnome-foot.png --slave /usr/share/icons/gnome/24x24/places/start-here.png start-here-24.png /usr/share/icons/gnome/24x24/places/gnome-foot.png --slave /usr/share/icons/gnome/256x256/places/start-here.png start-here-256.png /usr/share/icons/gnome/256x256/places/gnome-foot.png --slave /usr/share/icons/gnome/32x32/places/start-here.png start-here-32.png /usr/share/icons/gnome/32x32/places/gnome-foot.png --slave /usr/share/icons/gnome/48x48/places/start-here.png start-here-48.png /usr/share/icons/gnome/48x48/places/gnome-foot.png
update-alternatives 2019-11-20 12:22:01: run with --install /usr/bin/vim vim /usr/bin/vim.nox 40
update-alternatives 2019-11-20 12:22:01: link group vim updated to point to /usr/bin/vim.nox
update-alternatives 2019-11-20 12:22:01: run with --install /usr/bin/vimdiff vimdiff /usr/bin/vim.nox 40
update-alternatives 2019-11-20 12:22:01: link group vimdiff updated to point to /usr/bin/vim.nox
update-alternatives 2019-11-20 12:22:01: run with --install /usr/bin/rvim rvim /usr/bin/vim.nox 40
update-alternatives 2019-11-20 12:22:01: link group rvim updated to point to /usr/bin/vim.nox
update-alternatives 2019-11-20 12:22:01: run with --install /usr/bin/rview rview /usr/bin/vim.nox 40
update-alternatives 2019-11-20 12:22:01: link group rview updated to point to /usr/bin/vim.nox
update-alternatives 2019-11-20 12:22:01: run with --install /usr/bin/vi vi /usr/bin/vim.nox 40 --slave /usr/share/man/fr/man1/vi.1.gz vi.fr.1.gz /usr/share/man/fr/man1/vim.1.gz --slave /usr/share/man/it/man1/vi.1.gz vi.it.1.gz /usr/share/man/it/man1/vim.1.gz --slave /usr/share/man/pl/man1/vi.1.gz vi.pl.1.gz /usr/share/man/pl/man1/vim.1.gz --slave /usr/share/man/ru/man1/vi.1.gz vi.ru.1.gz /usr/share/man/ru/man1/vim.1.gz --slave /usr/share/man/ja/man1/vi.1.gz vi.ja.1.gz /usr/share/man/ja/man1/vim.1.gz --slave /usr/share/man/man1/vi.1.gz vi.1.gz /usr/share/man/man1/vim.1.gz
update-alternatives 2019-11-20 12:22:01: link group vi updated to point to /usr/bin/vim.nox
update-alternatives 2019-11-20 12:22:01: run with --install /usr/bin/view view /usr/bin/vim.nox 40 --slave /usr/share/man/fr/man1/view.1.gz view.fr.1.gz /usr/share/man/fr/man1/vim.1.gz --slave /usr/share/man/it/man1/view.1.gz view.it.1.gz /usr/share/man/it/man1/vim.1.gz --slave /usr/share/man/pl/man1/view.1.gz view.pl.1.gz /usr/share/man/pl/man1/vim.1.gz --slave /usr/share/man/ru/man1/view.1.gz view.ru.1.gz /usr/share/man/ru/man1/vim.1.gz --slave /usr/share/man/ja/man1/view.1.gz view.ja.1.gz /usr/share/man/ja/man1/vim.1.gz --slave /usr/share/man/man1/view.1.gz view.1.gz /usr/share/man/man1/vim.1.gz
update-alternatives 2019-11-20 12:22:01: link group view updated to point to /usr/bin/vim.nox
update-alternatives 2019-11-20 12:22:01: run with --install /usr/bin/ex ex /usr/bin/vim.nox 40 --slave /usr/share/man/fr/man1/ex.1.gz ex.fr.1.gz /usr/share/man/fr/man1/vim.1.gz --slave /usr/share/man/it/man1/ex.1.gz ex.it.1.gz /usr/share/man/it/man1/vim.1.gz --slave /usr/share/man/pl/man1/ex.1.gz ex.pl.1.gz /usr/share/man/pl/man1/vim.1.gz --slave /usr/share/man/ru/man1/ex.1.gz ex.ru.1.gz /usr/share/man/ru/man1/vim.1.gz --slave /usr/share/man/ja/man1/ex.1.gz ex.ja.1.gz /usr/share/man/ja/man1/vim.1.gz --slave /usr/share/man/man1/ex.1.gz ex.1.gz /usr/share/man/man1/vim.1.gz
update-alternatives 2019-11-20 12:22:01: link group ex updated to point to /usr/bin/vim.nox
update-alternatives 2019-11-20 12:22:01: run with --install /usr/bin/editor editor /usr/bin/vim.nox 40 --slave /usr/share/man/fr/man1/editor.1.gz editor.fr.1.gz /usr/share/man/fr/man1/vim.1.gz --slave /usr/share/man/it/man1/editor.1.gz editor.it.1.gz /usr/share/man/it/man1/vim.1.gz --slave /usr/share/man/pl/man1/editor.1.gz editor.pl.1.gz /usr/share/man/pl/man1/vim.1.gz --slave /usr/share/man/ru/man1/editor.1.gz editor.ru.1.gz /usr/share/man/ru/man1/vim.1.gz --slave /usr/share/man/ja/man1/editor.1.gz editor.ja.1.gz /usr/share/man/ja/man1/vim.1.gz --slave /usr/share/man/man1/editor.1.gz editor.1.gz /usr/share/man/man1/vim.1.gz
