2025-01-12 07:59:16 <I> offset index in ntpq is 9
2025-01-12 07:59:16 <I> no system peer found
2025-01-12 07:59:21 <I> no system peer found
2025-01-12 07:59:26 <I> no system peer found
2025-01-12 07:59:31 <I> no system peer found
2025-01-12 07:59:36 <I> no system peer found
2025-01-12 07:59:42 <I> offset to big, not setting hwclock: PPSO: -6.849: GPSO: 
2025-01-12 07:59:47 <I> offset to big, not setting hwclock: PPSO: -6.849: GPSO: 
2025-01-12 07:59:52 <I> offset to big, not setting hwclock: PPSO: -6.849: GPSO: 
2025-01-12 07:59:57 <I> offset to big, not setting hwclock: PPSO: -6.849: GPSO: 
2025-01-12 08:00:02 <I> offset to big, not setting hwclock: PPSO: -13.550: GPSO: 
2025-01-12 08:00:07 <I> offset to big, not setting hwclock: PPSO: -13.550: GPSO: 
2025-01-12 08:00:12 <I> offset to big, not setting hwclock: PPSO: -13.550: GPSO: 
2025-01-12 08:00:17 <I> offset to big, not setting hwclock: PPSO: 76.348: GPSO: 
2005-05-29 08:00:22 <I> offset to big, not setting hwclock: PPSO: 76.348: GPSO: 
2005-05-29 08:00:27 <I> offset to big, not setting hwclock: PPSO: 76.348: GPSO: 
2005-05-29 08:00:32 <I> offset to big, not setting hwclock: PPSO: 6193152: GPSO: 
2005-05-29 08:00:37 <I> offset to big, not setting hwclock: PPSO: 6193152: GPSO: 
2005-05-29 08:00:42 <I> offset to big, not setting hwclock: PPSO: 6193152: GPSO: 
2025-01-12 08:00:47 <I> offset to big, not setting hwclock: PPSO: 6193152: GPSO: 
2025-01-12 08:00:52 <I> offset to big, not setting hwclock: PPSO: 6193152: GPSO: 
2025-01-12 08:00:57 <I> offset to big, not setting hwclock: PPSO: 6193152: GPSO: 
2025-01-12 08:01:02 <I> offset to big, not setting hwclock: PPSO: 80.397: GPSO: 
2025-01-12 08:01:08 <I> offset to big, not setting hwclock: PPSO: 80.397: GPSO: 
2025-01-12 08:01:13 <I> offset to big, not setting hwclock: PPSO: 80.397: GPSO: 
2025-01-12 08:01:18 <I> offset to big, not setting hwclock: PPSO: 75.040: GPSO: 
2025-01-12 08:01:23 <I> offset to big, not setting hwclock: PPSO: 75.040: GPSO: 
2025-01-12 08:01:28 <I> offset to big, not setting hwclock: PPSO: 75.040: GPSO: 
2025-01-12 08:01:33 <I> offset to big, not setting hwclock: PPSO: 66.735: GPSO: 
2025-01-12 08:01:38 <I> offset to big, not setting hwclock: PPSO: 66.735: GPSO: 
2025-01-12 08:01:43 <I> offset to big, not setting hwclock: PPSO: 66.735: GPSO: 
2025-01-12 08:01:48 <I> offset to big, not setting hwclock: PPSO: 66.735: GPSO: 
2025-01-12 08:01:53 <I> offset to big, not setting hwclock: PPSO: 85.152: GPSO: 
2025-01-12 08:01:58 <I> offset to big, not setting hwclock: PPSO: 85.152: GPSO: 
2025-01-12 08:02:03 <I> offset to big, not setting hwclock: PPSO: 85.152: GPSO: 
2025-01-12 08:02:08 <I> offset to big, not setting hwclock: PPSO: 70.805: GPSO: 
2025-01-12 08:02:13 <I> offset to big, not setting hwclock: PPSO: 70.805: GPSO: 
2025-01-12 08:02:18 <I> offset to big, not setting hwclock: PPSO: 70.805: GPSO: 
2025-01-12 08:02:23 <I> offset to big, not setting hwclock: PPSO: 64.252: GPSO: 
2025-01-12 08:02:29 <I> offset to big, not setting hwclock: PPSO: 64.252: GPSO: 
2025-01-12 08:02:34 <I> offset to big, not setting hwclock: PPSO: 64.252: GPSO: 
2025-01-12 08:02:39 <I> offset to big, not setting hwclock: PPSO: 77.014: GPSO: 
2025-01-12 08:02:44 <I> offset to big, not setting hwclock: PPSO: 77.014: GPSO: 
2025-01-12 08:02:49 <I> offset to big, not setting hwclock: PPSO: 77.014: GPSO: 
2025-01-12 08:02:54 <I> offset to big, not setting hwclock: PPSO: 79.147: GPSO: 
2025-01-12 08:02:59 <I> offset to big, not setting hwclock: PPSO: 79.147: GPSO: 
2005-05-29 08:03:04 <I> offset to big, not setting hwclock: PPSO: 79.147: GPSO: 
2005-05-29 08:03:09 <I> offset to big, not setting hwclock: PPSO: 66.779: GPSO: 
2005-05-29 08:03:14 <I> offset to big, not setting hwclock: PPSO: 66.779: GPSO: 
2005-05-29 08:03:19 <I> offset to big, not setting hwclock: PPSO: 66.779: GPSO: 
2005-05-29 08:03:24 <I> offset to big, not setting hwclock: PPSO: 66.779: GPSO: 
2005-05-29 08:03:29 <I> offset to big, not setting hwclock: PPSO: 6193152: GPSO: 
2005-05-29 08:03:34 <I> offset to big, not setting hwclock: PPSO: 6193152: GPSO: 
2005-05-29 08:03:39 <I> offset to big, not setting hwclock: PPSO: 6193152: GPSO: 
2005-05-29 08:03:44 <I> offset to big, not setting hwclock: PPSO: 6193152: GPSO: 
2005-05-29 08:03:50 <I> offset to big, not setting hwclock: PPSO: 6193152: GPSO: 
2005-05-29 08:03:55 <I> offset to big, not setting hwclock: PPSO: 6193152: GPSO: 
2005-05-29 08:04:00 <I> offset to big, not setting hwclock: PPSO: 6193152: GPSO: 
2005-05-29 08:04:05 <I> offset to big, not setting hwclock: PPSO: 6193152: GPSO: 
2005-05-29 08:04:10 <I> offset to big, not setting hwclock: PPSO: 6193152: GPSO: 
2005-05-29 08:04:15 <I> offset to big, not setting hwclock: PPSO: 6193152: GPSO: 
2005-05-29 08:04:20 <I> offset to big, not setting hwclock: PPSO: 6193152: GPSO: 
2005-05-29 08:04:25 <I> offset to big, not setting hwclock: PPSO: 6193152: GPSO: 
2005-05-29 08:04:30 <I> offset to big, not setting hwclock: PPSO: 6193152: GPSO: 
2005-05-29 08:04:35 <I> offset to big, not setting hwclock: PPSO: 6193152: GPSO: 
2005-05-29 08:04:40 <I> offset to big, not setting hwclock: PPSO: 6193152: GPSO: 
2005-05-29 08:04:45 <I> offset to big, not setting hwclock: PPSO: 6193152: GPSO: 
2005-05-29 08:04:50 <I> offset to big, not setting hwclock: PPSO: 6193152: GPSO: 
2025-01-12 08:04:55 <I> offset to big, not setting hwclock: PPSO: 6193152: GPSO: 
2025-01-12 08:05:00 <I> offset to big, not setting hwclock: PPSO: 6193152: GPSO: 
2025-01-12 08:05:05 <I> offset to big, not setting hwclock: PPSO: 6193152: GPSO: 
2025-01-12 08:05:11 <I> offset to big, not setting hwclock: PPSO: 6193152: GPSO: 
2025-01-12 08:05:16 <I> offset to big, not setting hwclock: PPSO: 6193152: GPSO: 
2025-01-12 08:05:21 <I> offset to big, not setting hwclock: PPSO: 69.725: GPSO: 
2025-01-12 08:05:26 <I> offset to big, not setting hwclock: PPSO: 69.725: GPSO: 
2025-01-12 08:05:31 <I> offset to big, not setting hwclock: PPSO: 69.725: GPSO: 
2025-01-12 08:05:36 <I> offset to big, not setting hwclock: PPSO: 80.214: GPSO: 
2025-01-12 08:05:41 <I> offset to big, not setting hwclock: PPSO: 80.214: GPSO: 
2025-01-12 08:05:46 <I> offset to big, not setting hwclock: PPSO: 80.214: GPSO: 
2025-01-12 08:05:51 <I> offset to big, not setting hwclock: PPSO: 58.444: GPSO: 
2025-01-12 08:05:56 <I> offset to big, not setting hwclock: PPSO: 58.444: GPSO: 
2025-01-12 08:06:01 <I> offset to big, not setting hwclock: PPSO: 58.444: GPSO: 
2005-05-29 08:06:06 <I> offset to big, not setting hwclock: PPSO: 75.597: GPSO: 
2005-05-29 08:06:11 <I> offset to big, not setting hwclock: PPSO: 75.597: GPSO: 
2005-05-29 08:06:16 <I> offset to big, not setting hwclock: PPSO: 75.597: GPSO: 
2005-05-29 08:06:21 <I> offset to big, not setting hwclock: PPSO: 6193152: GPSO: 
2005-05-29 08:06:27 <I> offset to big, not setting hwclock: PPSO: 6193152: GPSO: 
2025-01-12 08:06:32 <I> offset to big, not setting hwclock: PPSO: 6193152: GPSO: 
2025-01-12 08:06:37 <I> offset to big, not setting hwclock: PPSO: 5505024: GPSO: 
2025-01-12 08:06:42 <I> offset to big, not setting hwclock: PPSO: 5505024: GPSO: 
2025-01-12 08:06:47 <I> offset to big, not setting hwclock: PPSO: 5505024: GPSO: 
2025-01-12 08:06:52 <I> offset to big, not setting hwclock: PPSO: 5505024: GPSO: 
2025-01-12 08:06:57 <I> offset to big, not setting hwclock: PPSO: 81.308: GPSO: 
2025-01-12 08:07:02 <I> offset to big, not setting hwclock: PPSO: 81.308: GPSO: 
2025-01-12 08:07:07 <I> offset to big, not setting hwclock: PPSO: 81.308: GPSO: 
2025-01-12 08:07:12 <I> offset to big, not setting hwclock: PPSO: 73.758: GPSO: 
2005-05-29 08:07:17 <I> offset to big, not setting hwclock: PPSO: 73.758: GPSO: 
2005-05-29 08:07:22 <I> offset to big, not setting hwclock: PPSO: 73.758: GPSO: 
2005-05-29 08:07:27 <I> offset to big, not setting hwclock: PPSO: 73.758: GPSO: 
2005-05-29 08:07:32 <I> offset to big, not setting hwclock: PPSO: 73.758: GPSO: 
2005-05-29 08:07:37 <I> offset to big, not setting hwclock: PPSO: 73.758: GPSO: 
2005-05-29 08:07:42 <I> offset to big, not setting hwclock: PPSO: 6193152: GPSO: 
2005-05-29 08:07:48 <I> offset to big, not setting hwclock: PPSO: 6193152: GPSO: 
2005-05-29 08:07:53 <I> offset to big, not setting hwclock: PPSO: 6193152: GPSO: 
2005-05-29 08:07:58 <I> offset to big, not setting hwclock: PPSO: 6193152: GPSO: 
2005-05-29 08:08:03 <I> offset to big, not setting hwclock: PPSO: 6193152: GPSO: 
2005-05-29 08:08:08 <I> offset to big, not setting hwclock: PPSO: 6193152: GPSO: 
2005-05-29 08:08:13 <I> offset to big, not setting hwclock: PPSO: 6193152: GPSO: 
2005-05-29 08:08:18 <I> offset to big, not setting hwclock: PPSO: 6193152: GPSO: 
2005-05-29 08:08:23 <I> offset to big, not setting hwclock: PPSO: 6193152: GPSO: 
2005-05-29 08:08:28 <I> offset to big, not setting hwclock: PPSO: 6193152: GPSO: 
2025-01-12 08:08:33 <I> offset to big, not setting hwclock: PPSO: 6193152: GPSO: 
2025-01-12 08:08:38 <I> offset to big, not setting hwclock: PPSO: 6193152: GPSO: 
2025-01-12 08:08:43 <I> offset to big, not setting hwclock: PPSO: 6193152: GPSO: 
2025-01-12 08:08:48 <I> offset to big, not setting hwclock: PPSO: 74.720: GPSO: 
2025-01-12 08:08:53 <I> offset to big, not setting hwclock: PPSO: 74.720: GPSO: 
2025-01-12 08:08:58 <I> offset to big, not setting hwclock: PPSO: 74.720: GPSO: 
2025-01-12 08:09:03 <I> offset to big, not setting hwclock: PPSO: 77.403: GPSO: 
2025-01-12 08:09:09 <I> offset to big, not setting hwclock: PPSO: 77.403: GPSO: 
2025-01-12 08:09:14 <I> offset to big, not setting hwclock: PPSO: 77.403: GPSO: 
2025-01-12 08:09:19 <I> offset to big, not setting hwclock: PPSO: 65.025: GPSO: 
2025-01-12 08:09:24 <I> offset to big, not setting hwclock: PPSO: 65.025: GPSO: 
2025-01-12 08:09:29 <I> tried for 300 x 120 without success, switching to 300 interval
2025-01-12 08:09:29 <I> offset to big, not setting hwclock: PPSO: 65.025: GPSO: 
