+ . /mnt/c3platpersistent/share/startup/common.sh
++ source /etc/os-release
+++ PRETTY_NAME='Debian GNU/Linux 9 (stretch)'
+++ NAME='Debian GNU/Linux'
+++ VERSION_ID=9
+++ VERSION='9 (stretch)'
+++ VERSION_CODENAME=stretch
+++ ID=debian
+++ HOME_URL=https://www.debian.org/
+++ SUPPORT_URL=https://www.debian.org/support
+++ BUG_REPORT_URL=https://bugs.debian.org/
++ export DEBIAN_VERSION=9
++ DEBIAN_VERSION=9
++ export LD_LIBRARY_PATH=/mnt/c3platpersistent/lib/deb9:/mnt/c3platpersistent/lib
++ LD_LIBRARY_PATH=/mnt/c3platpersistent/lib/deb9:/mnt/c3platpersistent/lib
+++ basename -- /mnt/c3platpersistent/etc/startup.d//996_sysinfo2x.sh
++ APP_SCR=996_sysinfo2x.sh
+++ readlink -f -- /mnt/c3platpersistent/etc/startup.d//996_sysinfo2x.sh
++ ACT_DIR=/mnt/c3platpersistent/etc/startup.d/996_sysinfo2x.sh
+++ dirname /mnt/c3platpersistent/etc/startup.d/996_sysinfo2x.sh
++ ABS_PATH=/mnt/c3platpersistent/etc/startup.d
++ ENABLE_LED_HANDLER=false
++ LED_STARTUP_PID=/var/run/flash_pid.startup
++ LED_HANDLER_IP=127.0.0.1
++ LED_HANDLER_PORT=6001
++ LED_HANDLER_AIRLINK_STATISTICS=tx
++ ETH_IF=eth0
++ [[ -n /mnt/c3platpersistent ]]
+++ cat /mnt/c3platpersistent/etc/issue
+++ head -n 1
++ export VARIANTRS=USDoT-NAStack
++ VARIANTRS=USDoT-NAStack
++ export WATCHDOG_SCRIPTS_PATH=/var/run/supervision/scripts
++ WATCHDOG_SCRIPTS_PATH=/var/run/supervision/scripts
++ mkdir -p /var/run/supervision/scripts
++ [[ false == false ]]
++ export ROADSIDE_IPTABLES_ENABLED=true
++ ROADSIDE_IPTABLES_ENABLED=true
++ export CERTPATH=/mnt/c3platpersistent/share/its-g5-security-certs/
++ CERTPATH=/mnt/c3platpersistent/share/its-g5-security-certs/
++ export GPSD_DEBUG=0
++ GPSD_DEBUG=0
++ export GPSD_OPTS=
++ GPSD_OPTS=
++ [[ 9 == 9 ]]
++ export PPSDEVICE=/dev/pps1
++ PPSDEVICE=/dev/pps1
++ export GPSD_CYCLE_TIME=1.0
++ GPSD_CYCLE_TIME=1.0
++ [[ USDoT-NAStack =~ .*CCA.* ]]
++ [[ USDoT-NAStack =~ USDoT-QualcommRR ]]
++ export ENABLED_RADIOS=:NXP:
++ ENABLED_RADIOS=:NXP:
++ [[ -e /etc/eeprom-cb/a.dualradio.mode ]]
++ [[ -e /mnt/c3platpersistent/etc/roadside.cfg ]]
++ source /mnt/c3platpersistent/etc/roadside.cfg
+++ export AEROLINK_BASE=/mnt/c3platpersistent/etc/aerolink/ieee
+++ AEROLINK_BASE=/mnt/c3platpersistent/etc/aerolink/ieee
+++ export AEROLINK_CONFIG_DIR=/mnt/c3platpersistent/etc/aerolink/ieee/config/
+++ AEROLINK_CONFIG_DIR=/mnt/c3platpersistent/etc/aerolink/ieee/config/
+++ export AEROLINK_STATE_DIR=/mnt/c3platpersistent/etc/aerolink/ieee/state/
+++ AEROLINK_STATE_DIR=/mnt/c3platpersistent/etc/aerolink/ieee/state/
+++ export INIT_TARGET=./share/urb/cfgdb2stack.usdot.urb
+++ INIT_TARGET=./share/urb/cfgdb2stack.usdot.urb
+ test -x /mnt/c3platpersistent/etc/init.d/sysinfo2x
+ /mnt/c3platpersistent/etc/init.d/sysinfo2x start
+ . /lib/lsb/init-functions
+++ run-parts --lsbsysinit --list /lib/lsb/init-functions.d
++ for hook in $(run-parts --lsbsysinit --list /lib/lsb/init-functions.d 2>/dev/null)
++ '[' -r /lib/lsb/init-functions.d/20-left-info-blocks ']'
++ . /lib/lsb/init-functions.d/20-left-info-blocks
++ for hook in $(run-parts --lsbsysinit --list /lib/lsb/init-functions.d 2>/dev/null)
++ '[' -r /lib/lsb/init-functions.d/40-systemd ']'
++ . /lib/lsb/init-functions.d/40-systemd
+++ _use_systemctl=0
+++ '[' -d /run/systemd/system ']'
+++ prog=sysinfo2x
+++ service=sysinfo2x.service
++++ systemctl -p LoadState --value show sysinfo2x.service
+++ state=not-found
+++ '[' not-found = masked ']'
+++ '[' 4012 -ne 1 ']'
+++ '[' -z '' ']'
+++ case $(readlink -f "$0") in
++++ readlink -f /mnt/c3platpersistent/etc/init.d/sysinfo2x
+++ '[' 0 = 1 ']'
++ FANCYTTY=
++ '[' -e /etc/lsb-base-logging.sh ']'
++ true
+ export KAPSCH_ROOT=/mnt/c3platpersistent
+ KAPSCH_ROOT=/mnt/c3platpersistent
+ export INIT_SCRIPT_EXECUTABLE=/mnt/c3platpersistent/share/startup/sysinfo2x.sh
+ INIT_SCRIPT_EXECUTABLE=/mnt/c3platpersistent/share/startup/sysinfo2x.sh
+ test -x /mnt/c3platpersistent/share/startup/sysinfo2x.sh
+ INIT_SCRIPT_PID=/run/sysinfo2x.pid
+ INIT_SCRIPT_CONFIG=update
+ INIT_SCRIPT_LOG=/var/log/sysinfo2x.log
+ cd /
+ case "$1" in
+ log_daemon_msg 'Starting sysinfo2x\n'
+ '[' -z 'Starting sysinfo2x\n' ']'
+ log_daemon_msg_pre 'Starting sysinfo2x\n'
+ log_use_fancy_output
+ TPUT=/usr/bin/tput
+ EXPR=/usr/bin/expr
+ '[' -t 1 ']'
+ FANCYTTY=0
+ case "$FANCYTTY" in
+ false
+ '[' -z '' ']'
+ echo -n 'Starting sysinfo2x\n:'
Starting sysinfo2x\n:+ return
+ exit 0
+ /mnt/c3platpersistent/share/startup/sysinfo2x.sh update
