+ set -x
+ . /mnt/c3platpersistent/share/startup/common.sh
+++ basename /mnt/c3platpersistent/etc/startup.d//000_begin.sh
++ APP_SCR=000_begin.sh
+++ readlink -f /mnt/c3platpersistent/etc/startup.d//000_begin.sh
++ ACT_DIR=/mnt/c3platpersistent/etc/startup.d/000_begin.sh
+++ dirname /mnt/c3platpersistent/etc/startup.d/000_begin.sh
++ ABS_PATH=/mnt/c3platpersistent/etc/startup.d
++ LED_STARTUP_PID=/var/run/flash_pid.startup
++ [[ -n /mnt/c3platpersistent ]]
++ [[ -z USDoT-QualcommCCA ]]
++ source /mnt/c3platpersistent/etc/roadside.cfg
+++ [[ false == false ]]
+++ [[ USDoT-QualcommCCA == ITSG5-HWEngland ]]
+++ export ROADSIDE_IPTABLES_ENABLED=false
+++ ROADSIDE_IPTABLES_ENABLED=false
+++ export CERTPATH=/mnt/c3platpersistent/share/its-g5-security-certs/
+++ CERTPATH=/mnt/c3platpersistent/share/its-g5-security-certs/
+ echo '*** BEGIN OF STARTUP (mode=start)***'
*** BEGIN OF STARTUP (mode=start)***
+ '[' start = start ']'
+ logger '000_begin.sh -I- Begin of start script execution'
+ kill_led_startup
+ PIDFILE=/var/run/flash_pid.startup
+ [[ -n '' ]]
+ '[' -e /var/run/flash_pid.startup ']'
+ sleep 0.1
+ /bin/status_leds.sh green orange off off
+ hwclock -s
+ sleep 0.5
+ logger '000_begin.sh -I- System clock from RTC done'
