+ set -x
+ . /mnt/c3platpersistent/share/startup/common.sh
+++ basename /mnt/c3platpersistent/etc/startup.d//955_snmpd.sh
++ APP_SCR=955_snmpd.sh
+++ readlink -f /mnt/c3platpersistent/etc/startup.d//955_snmpd.sh
++ ACT_DIR=/mnt/c3platpersistent/etc/startup.d/955_snmpd.sh
+++ dirname /mnt/c3platpersistent/etc/startup.d/955_snmpd.sh
++ ABS_PATH=/mnt/c3platpersistent/etc/startup.d
++ LED_STARTUP_PID=/var/run/flash_pid.startup
++ [[ -n /mnt/c3platpersistent ]]
++ [[ -z USDoT-QualcommCCA ]]
++ source /mnt/c3platpersistent/etc/roadside.cfg
+++ [[ false == false ]]
+++ [[ USDoT-QualcommCCA == ITSG5-HWEngland ]]
+++ export ROADSIDE_IPTABLES_ENABLED=false
+++ ROADSIDE_IPTABLES_ENABLED=false
+++ export CERTPATH=/mnt/c3platpersistent/share/its-g5-security-certs/
+++ CERTPATH=/mnt/c3platpersistent/share/its-g5-security-certs/
+ '[' xstart = xstart ']'
+ logger '955_snmpd.sh -I-- Start snmp daemon  ---'
+ pushd /mnt/c3platpersistent
/mnt/c3platpersistent /
+ nohup ./sbin/snmpd -f -C -c ./etc/snmp/snmpd.conf -Le
