Jan  1 00:01:40 CB-9160 kernel: i2c i2c-9: FD value=2
Jan  1 00:01:40 CB-9160 kernel: rtc-rv8803 9-0032: rtc core: registered rv8803 as rtc0
Jan  1 00:01:40 CB-9160 kernel: i2c i2c-9: new_device: Instantiated device rv8803 at 0x32
Jan  1 00:01:45 CB-9160 kernel: pps_gpio_init:
Jan  1 00:01:45 CB-9160 kernel: pin 12 special handling for PPS (1).
Jan  1 00:01:45 CB-9160 kernel: pps pps0: new PPS source pps-gpio.-1
Jan  1 00:01:45 CB-9160 kernel: pps pps0: Registered IRQ 111 as PPS source
Jan  1 00:01:45 CB-9160 kernel: pps_gpio_init: PPS_GPIO device registered OK
Jan  1 00:01:51 CB-9160 kernel: i2c i2c-9: delete_device: Deleting device pcf8574 at 0x24
Jan  1 00:01:51 CB-9160 kernel: usb 1-3: USB disconnect, device number 3
Jan  1 00:01:51 CB-9160 kernel: qmi_wwan 1-3:1.4 wwan0: unregister 'qmi_wwan' usb-0000:00:14.0-3, WWAN/QMI device
Jan  1 00:01:52 CB-9160 kernel: usb 1-1: USB disconnect, device number 2
Jan  1 00:01:59 CB-9160 kernel: usb 1-3: new high-speed USB device number 7 using xhci_hcd
Jan  1 00:01:59 CB-9160 kernel: qmi_wwan 1-3:1.4: cdc-wdm0: USB WDM device
Jan  1 00:01:59 CB-9160 kernel: qmi_wwan 1-3:1.4 wwan0: register 'qmi_wwan' at usb-0000:00:14.0-3, WWAN/QMI device, 52:83:31:8b:6d:ef
Jan  1 00:01:59 CB-9160 kernel: usb-storage 1-3:1.5: USB Mass Storage device detected
Jan  1 00:01:59 CB-9160 kernel: scsi3 : usb-storage 1-3:1.5
Jan  1 00:02:00 CB-9160 kernel: scsi 3:0:0:0: Direct-Access     Linux    File-Stor Gadget 0318 PQ: 0 ANSI: 2
Jan  1 00:02:00 CB-9160 kernel: sd 3:0:0:0: Attached scsi generic sg0 type 0
Jan  1 00:02:00 CB-9160 kernel: sd 3:0:0:0: [sda] Attached SCSI removable disk
Jan  1 00:05:31 CB-9160 kernel: FAT-fs (mmcblk0p1): Volume was not properly unmounted. Some data may be corrupt. Please run fsck.
Jan  1 00:08:16 CB-9160 kernel: Bits 55-60 of /proc/PID/pagemap entries are about to stop being page-shift some time soon. See the linux/Documentation/vm/pagemap.txt for details.
Jan  1 00:08:52 CB-9160 kernel: ICMPv6: process `cp' is using deprecated sysctl (syscall) net.ipv6.neigh.default.base_reachable_time - use net.ipv6.neigh.default.base_reachable_time_ms instead
Jan  1 00:08:52 CB-9160 kernel: nr_pdflush_threads exported in /proc is scheduled for removal
Jan  1 00:08:52 CB-9160 kernel: cp: The scan_unevictable_pages sysctl/node-interface has been disabled for lack of a legitimate use case.  If you have one, please send an email to linux-mm@kvack.org.
Jan  1 00:46:35 CB-9160 kernel: Bluetooth: Core ver 2.19
Jan  1 00:46:35 CB-9160 kernel: NET: Registered protocol family 31
Jan  1 00:46:35 CB-9160 kernel: Bluetooth: HCI device and connection manager initialized
Jan  1 00:46:35 CB-9160 kernel: Bluetooth: HCI socket layer initialized
Jan  1 00:46:35 CB-9160 kernel: Bluetooth: L2CAP socket layer initialized
Jan  1 00:46:35 CB-9160 kernel: Bluetooth: SCO socket layer initialized
Jan  1 00:48:46 CB-9160 kernel: usb 1-4.2: USB disconnect, device number 6
Jan  1 00:50:06 CB-9160 kernel: usb 1-4.2: new full-speed USB device number 8 using xhci_hcd
Jan  1 00:50:06 CB-9160 kernel: usbcore: registered new interface driver btusb
