2010-01-04 05:20:41 <I>main: rsuMIBCommon.c:16 "this is snmp2config (version 1.1-beta-USDoT-QualcommCCA)"
2010-01-04 05:20:41 <I>cdb: configdb_ro.c:217 "registering db change notification callback"
2010-01-04 05:20:41 <I>main: rsuDsrcChannelModeTable.c:70 "now fetching data for idx 1 and caching"
2010-01-04 05:20:41 <I>main: rsuMIBCommon.c:16 "this is snmp2config (version 1.1-beta-USDoT-QualcommCCA)"
2010-01-04 05:20:41 <I>main: rsuDsrcChannelModeTable.c:174 "extracting index from 0x81b7ba0 to 0xb6e85337"
2010-01-04 05:20:41 <I>main: rsuDsrcChannelModeTable.c:70 "now fetching data for idx 2 and caching"
2010-01-04 05:20:41 <I>main: rsuDsrcChannelModeTable.c:174 "extracting index from 0x81b7c08 to 0xb6e85337"
2010-01-04 05:20:41 <I>cdb: configdb_ro.c:217 "registering db change notification callback"
2010-01-04 05:20:41 <I>main: rsuDsrcChannelModeTable.c:70 "now fetching data for idx 1 and caching"
2010-01-04 05:20:41 <I>main: rsuDsrcChannelModeTable.c:174 "extracting index from 0x81b79b0 to 0xb6e8d337"
2010-01-04 05:20:41 <I>main: rsuDsrcChannelModeTable.c:70 "now fetching data for idx 2 and caching"
2010-01-04 05:20:41 <I>main: rsuInterfaceLogTable.c:72 "now fetching data for idx 1 and caching"
2010-01-04 05:20:41 <I>main: rsuDsrcChannelModeTable.c:174 "extracting index from 0x81b7a18 to 0xb6e8d337"
2010-01-04 05:20:41 <I>main: rsuInterfaceLogTable.c:178 "extracting index from 0x8181e50 to 0xb6e88538"
2010-01-04 05:20:41 <I>main: rsuInterfaceLogTable.c:72 "now fetching data for idx 2 and caching"
2010-01-04 05:20:41 <I>main: rsuInterfaceLogTable.c:178 "extracting index from 0x8181ea8 to 0xb6e88538"
2010-01-04 05:20:41 <I>main: rsuInterfaceLogTable.c:72 "now fetching data for idx 1 and caching"
2010-01-04 05:20:41 <I>main: rsuInterfaceLogTable.c:178 "extracting index from 0x8181c60 to 0xb6e90538"
2010-01-04 05:20:41 <I>main: rsuInterfaceLogTable.c:72 "now fetching data for idx 2 and caching"
2010-01-04 05:20:41 <I>main: rsuInterfaceLogTable.c:178 "extracting index from 0x8181cb8 to 0xb6e90538"
2010-01-04 05:59:54 <I>main: rsuMIBCommon.c:16 "this is snmp2config (version 1.1-beta-USDoT-QualcommCCA)"
2010-01-04 05:59:54 <I>cdb: configdb_ro.c:217 "registering db change notification callback"
2010-01-04 05:59:54 <I>main: rsuDsrcChannelModeTable.c:70 "now fetching data for idx 1 and caching"
2010-01-04 05:59:54 <I>main: rsuDsrcChannelModeTable.c:174 "extracting index from 0x81b7c18 to 0xb6e76337"
2010-01-04 05:59:54 <I>main: rsuDsrcChannelModeTable.c:70 "now fetching data for idx 2 and caching"
2010-01-04 05:59:54 <I>main: rsuDsrcChannelModeTable.c:174 "extracting index from 0x81b7c80 to 0xb6e76337"
2010-01-04 05:59:54 <I>main: rsuInterfaceLogTable.c:72 "now fetching data for idx 1 and caching"
2010-01-04 05:59:54 <I>main: rsuInterfaceLogTable.c:178 "extracting index from 0x8181ec8 to 0xb6e79538"
2010-01-04 05:59:54 <I>main: rsuInterfaceLogTable.c:72 "now fetching data for idx 2 and caching"
2010-01-04 05:59:54 <I>main: rsuInterfaceLogTable.c:178 "extracting index from 0x8181f20 to 0xb6e79538"
