
################################################################
##                                                            ##
##  CHIPSEC: Platform Hardware Security Assessment Framework  ##
##                                                            ##
################################################################
[CHIPSEC] Version  : 1.13.8
[CHIPSEC] Arguments: spi dump firmware.bin


[CHIPSEC] OS      : uefi   
[CHIPSEC] Python  : 3.6.8 (64-bit) - Enabled GIL
[CHIPSEC] Helper  : EfiHelper 
[CHIPSEC] Platform: Bay Trail SoC
[CHIPSEC]    CPUID: 30679
[CHIPSEC]      VID: 8086
[CHIPSEC]      DID: 0F00
[CHIPSEC]      RID: 11
[CHIPSEC] Executing command 'spi' with args ['dump', 'firmware.bin']

[CHIPSEC] Dumping entire SPI flash memory to 'firmware.bin'
[CHIPSEC] it may take a few minutes (use DEBUG or VERBOSE logger options to see progress)
[CHIPSEC] BIOS region: base = 0x00400000, limit = 0x007FFFFF
[CHIPSEC] Dumping 0x00800000 bytes (to the end of BIOS region)
[spi] Reading 0x800000 bytes from SPI at FLA = 0x0 (in 131072 0x40-byte chunks + 0x0-byte remainder)
___________________________________________________|
---------------------------------------------------
SPI read complete
[CHIPSEC] Completed SPI flash dump to 'firmware.bin'
[CHIPSEC] Time elapsed 378.000

################################################################
##                                                            ##
##  CHIPSEC: Platform Hardware Security Assessment Framework  ##
##                                                            ##
################################################################
[CHIPSEC] Version  : 1.13.8
[CHIPSEC] Arguments: spi dump bios.bin --region BIOS


################################################################
##                                                            ##
##  CHIPSEC: Platform Hardware Security Assessment Framework  ##
##                                                            ##
################################################################
[CHIPSEC] Version  : 1.13.8
[CHIPSEC] Arguments: spi dump me.bin --region ME


################################################################
##                                                            ##
##  CHIPSEC: Platform Hardware Security Assessment Framework  ##
##                                                            ##
################################################################
[CHIPSEC] Version  : 1.13.8
[CHIPSEC] Arguments: spi dump firmware.bin


[CHIPSEC] OS      : uefi   
[CHIPSEC] Python  : 3.6.8 (64-bit) - Enabled GIL
[CHIPSEC] Helper  : EfiHelper 
[CHIPSEC] Platform: Bay Trail SoC
[CHIPSEC]    CPUID: 30679
[CHIPSEC]      VID: 8086
[CHIPSEC]      DID: 0F00
[CHIPSEC]      RID: 11
[CHIPSEC] Executing command 'spi' with args ['dump', 'firmware.bin']

[CHIPSEC] Dumping entire SPI flash memory to 'firmware.bin'
[CHIPSEC] it may take a few minutes (use DEBUG or VERBOSE logger options to see progress)
[CHIPSEC] BIOS region: base = 0x00400000, limit = 0x007FFFFF
[CHIPSEC] Dumping 0x00800000 bytes (to the end of BIOS region)
[spi] Reading 0x800000 bytes from SPI at FLA = 0x0 (in 131072 0x40-byte chunks + 0x0-byte remainder)
___________________________________________________|
---------------------------------------------------
SPI read complete
[CHIPSEC] Completed SPI flash dump to 'firmware.bin'
[CHIPSEC] Time elapsed 329.000

################################################################
##                                                            ##
##  CHIPSEC: Platform Hardware Security Assessment Framework  ##
##                                                            ##
################################################################
[CHIPSEC] Version  : 1.13.8
[CHIPSEC] Arguments: spi dump firmware2.bin


[CHIPSEC] OS      : uefi   
[CHIPSEC] Python  : 3.6.8 (64-bit) - Enabled GIL
[CHIPSEC] Helper  : EfiHelper 
[CHIPSEC] Platform: Bay Trail SoC
[CHIPSEC]    CPUID: 30679
[CHIPSEC]      VID: 8086
[CHIPSEC]      DID: 0F00
[CHIPSEC]      RID: 11
[CHIPSEC] Executing command 'spi' with args ['dump', 'firmware2.bin']

[CHIPSEC] Dumping entire SPI flash memory to 'firmware2.bin'
[CHIPSEC] it may take a few minutes (use DEBUG or VERBOSE logger options to see progress)
[CHIPSEC] BIOS region: base = 0x00400000, limit = 0x007FFFFF
[CHIPSEC] Dumping 0x00800000 bytes (to the end of BIOS region)
[spi] Reading 0x800000 bytes from SPI at FLA = 0x0 (in 131072 0x40-byte chunks + 0x0-byte remainder)
___________________________________________________|
---------------------------------------------------
SPI read complete
[CHIPSEC] Completed SPI flash dump to 'firmware2.bin'
[CHIPSEC] Time elapsed 331.000

################################################################
##                                                            ##
##  CHIPSEC: Platform Hardware Security Assessment Framework  ##
##                                                            ##
################################################################
[CHIPSEC] Version  : 1.13.8
[CHIPSEC] Arguments: -m i2c


[CHIPSEC] OS      : uefi   
[CHIPSEC] Python  : 3.6.8 (64-bit) - Enabled GIL
[CHIPSEC] Helper  : EfiHelper 
[CHIPSEC] Platform: Bay Trail SoC
[CHIPSEC]    CPUID: 30679
[CHIPSEC]      VID: 8086
[CHIPSEC]      DID: 0F00
[CHIPSEC]      RID: 11
 
[+] loaded chipsec.modules.i2c
[*] running loaded modules ..

[*] Running module: chipsec.modules.i2c
ERROR: Exception occurred during import of chipsec.modules.i2c: 'No module named 'chipsec.modules.i2c''
ERROR: Exception occurred during chipsec.modules.i2c.run(): 'No module named 'chipsec.modules.i2c''

[CHIPSEC] ***************************  SUMMARY  ***************************
[CHIPSEC] Time elapsed            0.000
[CHIPSEC] Modules failed to run   1:
ERROR: chipsec.modules.i2c
[CHIPSEC] Modules passed          0:
[CHIPSEC] Modules information     0:
[CHIPSEC] Modules failed          0:
[CHIPSEC] Modules with warnings   0:
[CHIPSEC] Modules not applicable  0:
[CHIPSEC] Modules total           1
[CHIPSEC] Modules with exceptions 1:
ERROR: chipsec.modules.i2c
[CHIPSEC] *****************************************************************

################################################################
##                                                            ##
##  CHIPSEC: Platform Hardware Security Assessment Framework  ##
##                                                            ##
################################################################
[CHIPSEC] Version  : 1.13.8
[CHIPSEC] Arguments: -m spi


[CHIPSEC] OS      : uefi   
[CHIPSEC] Python  : 3.6.8 (64-bit) - Enabled GIL
[CHIPSEC] Helper  : EfiHelper 
[CHIPSEC] Platform: Bay Trail SoC
[CHIPSEC]    CPUID: 30679
[CHIPSEC]      VID: 8086
[CHIPSEC]      DID: 0F00
[CHIPSEC]      RID: 11
 
[+] loaded chipsec.modules.spi
[*] running loaded modules ..

[*] Running module: chipsec.modules.spi
ERROR: Exception occurred during import of chipsec.modules.spi: 'No module named 'chipsec.modules.spi''
ERROR: Exception occurred during chipsec.modules.spi.run(): 'No module named 'chipsec.modules.spi''

[CHIPSEC] ***************************  SUMMARY  ***************************
[CHIPSEC] Time elapsed            0.000
[CHIPSEC] Modules failed to run   1:
ERROR: chipsec.modules.spi
[CHIPSEC] Modules passed          0:
[CHIPSEC] Modules information     0:
[CHIPSEC] Modules failed          0:
[CHIPSEC] Modules with warnings   0:
[CHIPSEC] Modules not applicable  0:
[CHIPSEC] Modules total           1
[CHIPSEC] Modules with exceptions 1:
ERROR: chipsec.modules.spi
[CHIPSEC] *****************************************************************

################################################################
##                                                            ##
##  CHIPSEC: Platform Hardware Security Assessment Framework  ##
##                                                            ##
################################################################
[CHIPSEC] Version  : 1.13.8
[CHIPSEC] Arguments: -m SPI


[CHIPSEC] OS      : uefi   
[CHIPSEC] Python  : 3.6.8 (64-bit) - Enabled GIL
[CHIPSEC] Helper  : EfiHelper 
[CHIPSEC] Platform: Bay Trail SoC
[CHIPSEC]    CPUID: 30679
[CHIPSEC]      VID: 8086
[CHIPSEC]      DID: 0F00
[CHIPSEC]      RID: 11
 
[+] loaded chipsec.modules.spi
[*] running loaded modules ..

[*] Running module: chipsec.modules.spi
ERROR: Exception occurred during import of chipsec.modules.spi: 'No module named 'chipsec.modules.spi''
ERROR: Exception occurred during chipsec.modules.spi.run(): 'No module named 'chipsec.modules.spi''

[CHIPSEC] ***************************  SUMMARY  ***************************
[CHIPSEC] Time elapsed            0.000
[CHIPSEC] Modules failed to run   1:
ERROR: chipsec.modules.spi
[CHIPSEC] Modules passed          0:
[CHIPSEC] Modules information     0:
[CHIPSEC] Modules failed          0:
[CHIPSEC] Modules with warnings   0:
[CHIPSEC] Modules not applicable  0:
[CHIPSEC] Modules total           1
[CHIPSEC] Modules with exceptions 1:
ERROR: chipsec.modules.spi
[CHIPSEC] *****************************************************************

################################################################
##                                                            ##
##  CHIPSEC: Platform Hardware Security Assessment Framework  ##
##                                                            ##
################################################################
[CHIPSEC] Version  : 1.13.8
[CHIPSEC] Arguments: -m i2c


[CHIPSEC] OS      : uefi   
[CHIPSEC] Python  : 3.6.8 (64-bit) - Enabled GIL
[CHIPSEC] Helper  : EfiHelper 
[CHIPSEC] Platform: Bay Trail SoC
[CHIPSEC]    CPUID: 30679
[CHIPSEC]      VID: 8086
[CHIPSEC]      DID: 0F00
[CHIPSEC]      RID: 11
 
[+] loaded chipsec.modules.i2c
[*] running loaded modules ..

[*] Running module: chipsec.modules.i2c
ERROR: Exception occurred during import of chipsec.modules.i2c: 'No module named 'chipsec.modules.i2c''
ERROR: Exception occurred during chipsec.modules.i2c.run(): 'No module named 'chipsec.modules.i2c''

[CHIPSEC] ***************************  SUMMARY  ***************************
[CHIPSEC] Time elapsed            0.000
[CHIPSEC] Modules failed to run   1:
ERROR: chipsec.modules.i2c
[CHIPSEC] Modules passed          0:
[CHIPSEC] Modules information     0:
[CHIPSEC] Modules failed          0:
[CHIPSEC] Modules with warnings   0:
[CHIPSEC] Modules not applicable  0:
[CHIPSEC] Modules total           1
[CHIPSEC] Modules with exceptions 1:
ERROR: chipsec.modules.i2c
[CHIPSEC] *****************************************************************

################################################################
##                                                            ##
##  CHIPSEC: Platform Hardware Security Assessment Framework  ##
##                                                            ##
################################################################
[CHIPSEC] Version  : 1.13.8
[CHIPSEC] Arguments: -m spi


[CHIPSEC] OS      : uefi   
[CHIPSEC] Python  : 3.6.8 (64-bit) - Enabled GIL
[CHIPSEC] Helper  : EfiHelper 
[CHIPSEC] Platform: Bay Trail SoC
[CHIPSEC]    CPUID: 30679
[CHIPSEC]      VID: 8086
[CHIPSEC]      DID: 0F00
[CHIPSEC]      RID: 11
 
[+] loaded chipsec.modules.spi
[*] running loaded modules ..

[*] Running module: chipsec.modules.spi
ERROR: Exception occurred during import of chipsec.modules.spi: 'No module named 'chipsec.modules.spi''
ERROR: Exception occurred during chipsec.modules.spi.run(): 'No module named 'chipsec.modules.spi''

[CHIPSEC] ***************************  SUMMARY  ***************************
[CHIPSEC] Time elapsed            0.000
[CHIPSEC] Modules failed to run   1:
ERROR: chipsec.modules.spi
[CHIPSEC] Modules passed          0:
[CHIPSEC] Modules information     0:
[CHIPSEC] Modules failed          0:
[CHIPSEC] Modules with warnings   0:
[CHIPSEC] Modules not applicable  0:
[CHIPSEC] Modules total           1
[CHIPSEC] Modules with exceptions 1:
ERROR: chipsec.modules.spi
[CHIPSEC] *****************************************************************

################################################################
##                                                            ##
##  CHIPSEC: Platform Hardware Security Assessment Framework  ##
##                                                            ##
################################################################
[CHIPSEC] Version  : 1.13.8
[CHIPSEC] Arguments: cmos

